{"logTime": "0116/141923", "correlationVector":"Hlhd5xnKHU0pmI1kpu4e9k.2","action":"EncryptionKeysManager::SetEncryptionKeysWithTimestamps:", "result":"Success", "context":Key timestamps[10]:[2020-10-18T16:27:12Z][2021-04-19T17:21:51Z][2021-10-23T09:33:23Z][2022-04-22T17:24:43Z][2022-11-13T16:14:41Z][2023-07-03T15:37:06Z][2024-01-13T17:15:44Z][2024-07-14T17:33:46Z][2025-01-13T13:51:32Z][2025-08-16T20:08:34Z]}
{"logTime": "0116/141923", "correlationVector":"wzibmzhq5y28wPa9xEN0P3","action":"Initial GetUpdates", "result":"", "context":Reason: NEW_CLIENT. cV=wzibmzhq5y28wPa9xEN0P3}
{"logTime": "0116/141923", "correlationVector":"wzibmzhq5y28wPa9xEN0P3.3","action":"GetUpdates Response", "result":"Success", "context":Received 1 update(s). cV=wzibmzhq5y28wPa9xEN0P3.0;server=akswtt11100000v;cloudType=Consumer;environment=Prod_westeurope_prod-s01-080-eur-westeurope;migrationStage=NotStarted}
{"logTime": "0116/141923", "correlationVector":"ro3HOZeSbF+E5pUEMLG2yd","action":"Initial GetUpdates", "result":"", "context":Reason: NEWLY_SUPPORTED_DATATYPE. cV=ro3HOZeSbF+E5pUEMLG2yd}
{"logTime": "0116/141924", "correlationVector":"ro3HOZeSbF+E5pUEMLG2yd.1","action":"SyncServerConnectionManagerRequest", "result":"SYNC_SERVER_OK", "context":{"environment":"Prod_westeurope_prod-s01-080-eur-westeurope", "migrationStage":"NotStarted", "server":"akswtt111000002"}}
{"logTime": "0116/141924", "correlationVector":"ro3HOZeSbF+E5pUEMLG2yd.2","action":"ProcessGetUpdates", "result":"Done", "context":{"dataType":"Passwords", "deleted":"0", "process_failed_to_decrypt":"0", "process_pending_decryption":"0", "process_success":"21", "total":"21"}}
{"logTime": "0116/141924", "correlationVector":"ro3HOZeSbF+E5pUEMLG2yd.3","action":"GetUpdates Response", "result":"Success", "context":Received 21 update(s). cV=ro3HOZeSbF+E5pUEMLG2yd.0;server=akswtt111000002;cloudType=Consumer;environment=Prod_westeurope_prod-s01-080-eur-westeurope;migrationStage=NotStarted}
{"logTime": "0116/141924", "correlationVector":"enEdooAJLfW+y1C+gnL/4T","action":"Normal GetUpdate request", "result":"", "context":cV=enEdooAJLfW+y1C+gnL/4T
Nudged types: Preferences, Sessions, History
Refresh requested types: Bookmarks, Preferences, Passwords, Autofill Profiles, Autofill, Extensions, Sessions, Extension settings, History Delete Directives, Device Info, User Consents, Send Tab To Self, Web Apps, History, Saved Tab Group, WebAuthn Credentials, Collection, Edge E Drop, Edge Hub App Usage, Edge Wallet, Encryption Keys}
{"logTime": "0116/141924", "correlationVector":"enEdooAJLfW+y1C+gnL/4T.1","action":"SyncServerConnectionManagerRequest", "result":"SYNC_SERVER_OK", "context":{"environment":"Prod_westeurope_prod-s01-080-eur-westeurope", "migrationStage":"NotStarted", "server":"akswtt111000009"}}
{"logTime": "0116/141924", "correlationVector":"enEdooAJLfW+y1C+gnL/4T.2","action":"ProcessGetUpdates", "result":"Done", "context":{"dataType":"Preferences", "deleted":"0", "process_failed_to_decrypt":"0", "process_pending_decryption":"0", "process_success":"1", "total":"1"}}
{"logTime": "0116/141924", "correlationVector":"enEdooAJLfW+y1C+gnL/4T.3","action":"ProcessGetUpdates", "result":"Done", "context":{"dataType":"Sessions", "deleted":"0", "process_failed_to_decrypt":"0", "process_pending_decryption":"0", "process_success":"3", "total":"3"}}
{"logTime": "0116/141924", "correlationVector":"enEdooAJLfW+y1C+gnL/4T.4","action":"ProcessGetUpdates", "result":"Done", "context":{"dataType":"History", "deleted":"0", "process_failed_to_decrypt":"0", "process_pending_decryption":"0", "process_success":"1", "total":"1"}}
{"logTime": "0116/141924", "correlationVector":"enEdooAJLfW+y1C+gnL/4T.5","action":"GetUpdates Response", "result":"Success", "context":Received 5 update(s). cV=enEdooAJLfW+y1C+gnL/4T.0;server=akswtt111000009;cloudType=Consumer;environment=Prod_westeurope_prod-s01-080-eur-westeurope;migrationStage=NotStarted}
{"logTime": "0116/141924", "correlationVector":"jGM/iwVMLoWIyGaxTV616r","action":"Commit Request", "result":"", "context":Item count: 5
Contributing types: Preferences, Sessions, History}
{"logTime": "0116/141924", "correlationVector":"jGM/iwVMLoWIyGaxTV616r.1","action":"SyncServerConnectionManagerRequest", "result":"SYNC_SERVER_OK", "context":{"environment":"Prod_westeurope_prod-s01-080-eur-westeurope", "migrationStage":"NotStarted", "server":"akswtt111000003"}}
{"logTime": "0116/141924", "correlationVector":"jGM/iwVMLoWIyGaxTV616r.2","action":"Commit Response", "result":"Success", "context":Result: Success. cV=jGM/iwVMLoWIyGaxTV616r.0;server=akswtt111000003;cloudType=Consumer;environment=Prod_westeurope_prod-s01-080-eur-westeurope;migrationStage=NotStarted}
{"logTime": "0116/141926", "correlationVector":"KNuYDhG7BHPIKKadDOZxZb","action":"Commit Request", "result":"", "context":Item count: 20
Contributing types: Preferences, Passwords}
{"logTime": "0116/141927", "correlationVector":"KNuYDhG7BHPIKKadDOZxZb.1","action":"SyncServerConnectionManagerRequest", "result":"SYNC_SERVER_OK", "context":{"environment":"Prod_westeurope_prod-s01-080-eur-westeurope", "migrationStage":"NotStarted", "server":"akswtt111000009"}}
{"logTime": "0116/141927", "correlationVector":"KNuYDhG7BHPIKKadDOZxZb.2","action":"Commit Response", "result":"Success", "context":Result: Success. cV=KNuYDhG7BHPIKKadDOZxZb.0;server=akswtt111000009;cloudType=Consumer;environment=Prod_westeurope_prod-s01-080-eur-westeurope;migrationStage=NotStarted}
{"logTime": "0116/142030", "correlationVector":"9p+zz9UlXke9Zw31oyhTik.1","action":"SyncServerConnectionManagerRequest", "result":"SYNC_SERVER_OK", "context":{"environment":"Prod_westeurope_prod-s01-080-eur-westeurope", "migrationStage":"NotStarted", "server":"akswtt11100000j"}}
{"logTime": "0116/142030", "correlationVector":"9p+zz9UlXke9Zw31oyhTik.2","action":"ProcessGetUpdates", "result":"Done", "context":{"dataType":"Encryption Keys", "deleted":"0", "process_failed_to_decrypt":"0", "process_pending_decryption":"0", "process_success":"1", "total":"1"}}
{"logTime": "0116/142030", "correlationVector":"o7ttd1wDXPJByNjNRzDjVw","action":"SyncServerConnectionManagerRequest", "result":"SYNC_SERVER_OK", "context":{"environment":"", "migrationStage":"", "server":""}}
{"logTime": "0116/142030", "correlationVector":"o7ttd1wDXPJByNjNRzDjVw.0","action":"EncryptionKeysFetcher.DownloadKeys:", "result":"Success", "context":Key count: 10, Last key timestamp: 2025-08-16T20:08:34Z}
{"logTime": "0116/142030", "correlationVector":"o7ttd1wDXPJByNjNRzDjVw.1","action":"EncryptionKeysManager::SetEncryptionKeys:", "result":"Success", "context":Key names[10]:[E5FW0lgGFbdkPtfpupNA8D8hrUgGz8vK/SQAfVk3zxPlV+t2OMPrnCtql+Euc8ZVeU+5QGVIErnzibILIxkZUg==][MY3BvTX0f+YLMLPIXzj3tsnIiFcn/r/gihnDFExtY3BX8bSDWp3eSURLdxpDUAITXFJvzeWhcHCXGHVfFPKTnw==][zklBf02RZtZY/pYpD/Ib2bsFlM/SDS6dDs2mjebAUV5dtJkDZ59/0hhqsy0x4YbZO9+I55YoLXX292eq6D5O8Q==][S8FhcamYZUFFjQDVreDWQ04XY6vDp3qlZlyPbggVkLkpcBb9IwB1qw0JJ+I/zT/reiFspDjc59cr0U5mks22sg==][h1AhVTZ5vVeMLkmxefntrCjF2y/toI54Qs8kh+48g7vCtG7ZJ/ALc39wASXpI3EknMpDoTRlZGCDrfrq2V1IFw==][E2eFc19ejaFYRNgrtFAcHfqVHlIHtTFlfGAU1u2sdfM9LN/aOWn5l2GHPkarDMiWQNg95WRUoQ2CMBREEsnM9A==][xIZc6bBAlVcQdDcr5FLd9IDeueFX2ww+U7zGb+0Jy5BG5rP02xBf4FHzerbxhNcQgjMxn6Vo0DkpfSAg0DPgFw==][IndMo1ub+/6KhDM7AmKfRDuWlBI07M6BRbMUWjtRTKNS5UxzWtAt8xWDcJr3s77sZ9nH2p/x3MlyEetR8nKEBw==][yCq4dpJbYhR08TAideVNsaQebtZuBGudzC7jhiCfaJzyP6QD5D9u5UJY/7i5gceGBt1TrZyLpNO+mBFEVdZ5Yw==][lGKFfQo6En6tsIiJF/dXovggKB5OELc8xJWwHhKGA710VLnb3Y+nkxUirztaCInc5LW89XoC/WuYFQdTOBj0VA==]}
{"logTime": "0116/142030", "correlationVector":"o7ttd1wDXPJByNjNRzDjVw.2","action":"EncryptionKeysManager::SetEncryptionKeysWithTimestamps:", "result":"Success", "context":Key timestamps[10]:[2020-10-18T16:27:12Z][2021-04-19T17:21:51Z][2021-10-23T09:33:23Z][2022-04-22T17:24:43Z][2022-11-13T16:14:41Z][2023-07-03T15:37:06Z][2024-01-13T17:15:44Z][2024-07-14T17:33:46Z][2025-01-13T13:51:32Z][2025-08-16T20:08:34Z]}
{"logTime": "0116/142030", "correlationVector":"9p+zz9UlXke9Zw31oyhTik","action":"Initial GetUpdates", "result":"", "context":Reason: NEW_CLIENT. cV=9p+zz9UlXke9Zw31oyhTik}
{"logTime": "0116/142030", "correlationVector":"9p+zz9UlXke9Zw31oyhTik.3","action":"GetUpdates Response", "result":"Success", "context":Received 1 update(s). cV=9p+zz9UlXke9Zw31oyhTik.0;server=akswtt11100000j;cloudType=Consumer;environment=Prod_westeurope_prod-s01-080-eur-westeurope;migrationStage=NotStarted}
{"logTime": "0116/142030", "correlationVector":"XKRZrHsX71Ri25j8u6iRUo","action":"Initial GetUpdates", "result":"", "context":Reason: NEWLY_SUPPORTED_DATATYPE. cV=XKRZrHsX71Ri25j8u6iRUo}
{"logTime": "0116/142030", "correlationVector":"XKRZrHsX71Ri25j8u6iRUo.1","action":"SyncServerConnectionManagerRequest", "result":"SYNC_SERVER_OK", "context":{"environment":"Prod_westeurope_prod-s01-080-eur-westeurope", "migrationStage":"NotStarted", "server":"akswtt11100000u"}}
{"logTime": "0116/142030", "correlationVector":"XKRZrHsX71Ri25j8u6iRUo.2","action":"ProcessGetUpdates", "result":"Done", "context":{"dataType":"Passwords", "deleted":"0", "process_failed_to_decrypt":"0", "process_pending_decryption":"0", "process_success":"21", "total":"21"}}
{"logTime": "0116/142030", "correlationVector":"XKRZrHsX71Ri25j8u6iRUo.3","action":"GetUpdates Response", "result":"Success", "context":Received 21 update(s). cV=XKRZrHsX71Ri25j8u6iRUo.0;server=akswtt11100000u;cloudType=Consumer;environment=Prod_westeurope_prod-s01-080-eur-westeurope;migrationStage=NotStarted}
{"logTime": "0116/142030", "correlationVector":"pJTMKAkbgeV035I3navThK","action":"Normal GetUpdate request", "result":"", "context":cV=pJTMKAkbgeV035I3navThK
Nudged types: Preferences, Sessions, Device Info, History
Refresh requested types: Bookmarks, Preferences, Passwords, Autofill Profiles, Autofill, Extensions, Sessions, Extension settings, History Delete Directives, Device Info, User Consents, Send Tab To Self, Web Apps, History, Saved Tab Group, WebAuthn Credentials, Collection, Edge E Drop, Edge Hub App Usage, Edge Wallet, Encryption Keys}
{"logTime": "0116/142030", "correlationVector":"pJTMKAkbgeV035I3navThK.1","action":"SyncServerConnectionManagerRequest", "result":"SYNC_SERVER_OK", "context":{"environment":"Prod_westeurope_prod-s01-080-eur-westeurope", "migrationStage":"NotStarted", "server":"akswtt11100000c"}}
{"logTime": "0116/142030", "correlationVector":"pJTMKAkbgeV035I3navThK.2","action":"ProcessGetUpdates", "result":"Done", "context":{"dataType":"Preferences", "deleted":"0", "process_failed_to_decrypt":"0", "process_pending_decryption":"0", "process_success":"1", "total":"1"}}
{"logTime": "0116/142030", "correlationVector":"pJTMKAkbgeV035I3navThK.3","action":"ProcessGetUpdates", "result":"Done", "context":{"dataType":"Sessions", "deleted":"0", "process_failed_to_decrypt":"0", "process_pending_decryption":"0", "process_success":"3", "total":"3"}}
{"logTime": "0116/142030", "correlationVector":"pJTMKAkbgeV035I3navThK.4","action":"ProcessGetUpdates", "result":"Done", "context":{"dataType":"History", "deleted":"0", "process_failed_to_decrypt":"0", "process_pending_decryption":"0", "process_success":"1", "total":"1"}}
{"logTime": "0116/142030", "correlationVector":"pJTMKAkbgeV035I3navThK.5","action":"GetUpdates Response", "result":"Success", "context":Received 5 update(s). cV=pJTMKAkbgeV035I3navThK.0;server=akswtt11100000c;cloudType=Consumer;environment=Prod_westeurope_prod-s01-080-eur-westeurope;migrationStage=NotStarted}
{"logTime": "0116/142030", "correlationVector":"brY9bzefiwsZAWzJEd6XP5","action":"Commit Request", "result":"", "context":Item count: 6
Contributing types: Preferences, Sessions, Device Info, History}
{"logTime": "0116/142031", "correlationVector":"brY9bzefiwsZAWzJEd6XP5.1","action":"SyncServerConnectionManagerRequest", "result":"SYNC_SERVER_OK", "context":{"environment":"Prod_westeurope_prod-s01-080-eur-westeurope", "migrationStage":"NotStarted", "server":"akswtt11100000u"}}
{"logTime": "0116/142031", "correlationVector":"brY9bzefiwsZAWzJEd6XP5.2","action":"Commit Response", "result":"Success", "context":Result: Success. cV=brY9bzefiwsZAWzJEd6XP5.0;server=akswtt11100000u;cloudType=Consumer;environment=Prod_westeurope_prod-s01-080-eur-westeurope;migrationStage=NotStarted}
{"logTime": "0116/142033", "correlationVector":"vMS/Qeu89qHI+cIV//bfvY","action":"Commit Request", "result":"", "context":Item count: 20
Contributing types: Preferences, Passwords}
{"logTime": "0116/142034", "correlationVector":"vMS/Qeu89qHI+cIV//bfvY.1","action":"SyncServerConnectionManagerRequest", "result":"SYNC_SERVER_OK", "context":{"environment":"Prod_westeurope_prod-s01-080-eur-westeurope", "migrationStage":"NotStarted", "server":"akswtt11100000j"}}
{"logTime": "0116/142034", "correlationVector":"vMS/Qeu89qHI+cIV//bfvY.2","action":"Commit Response", "result":"Success", "context":Result: Success. cV=vMS/Qeu89qHI+cIV//bfvY.0;server=akswtt11100000j;cloudType=Consumer;environment=Prod_westeurope_prod-s01-080-eur-westeurope;migrationStage=NotStarted}
{"logTime": "0116/142307", "correlationVector":"DcyENYesIyUvtKiP79EMXa.1","action":"SyncServerConnectionManagerRequest", "result":"SYNC_SERVER_OK", "context":{"environment":"Prod_westeurope_prod-s01-080-eur-westeurope", "migrationStage":"NotStarted", "server":"akswtt11100000j"}}
{"logTime": "0116/142307", "correlationVector":"DcyENYesIyUvtKiP79EMXa.2","action":"ProcessGetUpdates", "result":"Done", "context":{"dataType":"Encryption Keys", "deleted":"0", "process_failed_to_decrypt":"0", "process_pending_decryption":"0", "process_success":"1", "total":"1"}}
{"logTime": "0116/142307", "correlationVector":"f9zsoTe4O0n/Owi8iazGJP","action":"SyncServerConnectionManagerRequest", "result":"SYNC_SERVER_OK", "context":{"environment":"", "migrationStage":"", "server":""}}
{"logTime": "0116/142307", "correlationVector":"f9zsoTe4O0n/Owi8iazGJP.0","action":"EncryptionKeysFetcher.DownloadKeys:", "result":"Success", "context":Key count: 10, Last key timestamp: 2025-08-16T20:08:34Z}
{"logTime": "0116/142307", "correlationVector":"f9zsoTe4O0n/Owi8iazGJP.1","action":"EncryptionKeysManager::SetEncryptionKeys:", "result":"Success", "context":Key names[10]:[E5FW0lgGFbdkPtfpupNA8D8hrUgGz8vK/SQAfVk3zxPlV+t2OMPrnCtql+Euc8ZVeU+5QGVIErnzibILIxkZUg==][MY3BvTX0f+YLMLPIXzj3tsnIiFcn/r/gihnDFExtY3BX8bSDWp3eSURLdxpDUAITXFJvzeWhcHCXGHVfFPKTnw==][zklBf02RZtZY/pYpD/Ib2bsFlM/SDS6dDs2mjebAUV5dtJkDZ59/0hhqsy0x4YbZO9+I55YoLXX292eq6D5O8Q==][S8FhcamYZUFFjQDVreDWQ04XY6vDp3qlZlyPbggVkLkpcBb9IwB1qw0JJ+I/zT/reiFspDjc59cr0U5mks22sg==][h1AhVTZ5vVeMLkmxefntrCjF2y/toI54Qs8kh+48g7vCtG7ZJ/ALc39wASXpI3EknMpDoTRlZGCDrfrq2V1IFw==][E2eFc19ejaFYRNgrtFAcHfqVHlIHtTFlfGAU1u2sdfM9LN/aOWn5l2GHPkarDMiWQNg95WRUoQ2CMBREEsnM9A==][xIZc6bBAlVcQdDcr5FLd9IDeueFX2ww+U7zGb+0Jy5BG5rP02xBf4FHzerbxhNcQgjMxn6Vo0DkpfSAg0DPgFw==][IndMo1ub+/6KhDM7AmKfRDuWlBI07M6BRbMUWjtRTKNS5UxzWtAt8xWDcJr3s77sZ9nH2p/x3MlyEetR8nKEBw==][yCq4dpJbYhR08TAideVNsaQebtZuBGudzC7jhiCfaJzyP6QD5D9u5UJY/7i5gceGBt1TrZyLpNO+mBFEVdZ5Yw==][lGKFfQo6En6tsIiJF/dXovggKB5OELc8xJWwHhKGA710VLnb3Y+nkxUirztaCInc5LW89XoC/WuYFQdTOBj0VA==]}
{"logTime": "0116/142307", "correlationVector":"f9zsoTe4O0n/Owi8iazGJP.2","action":"EncryptionKeysManager::SetEncryptionKeysWithTimestamps:", "result":"Success", "context":Key timestamps[10]:[2020-10-18T16:27:12Z][2021-04-19T17:21:51Z][2021-10-23T09:33:23Z][2022-04-22T17:24:43Z][2022-11-13T16:14:41Z][2023-07-03T15:37:06Z][2024-01-13T17:15:44Z][2024-07-14T17:33:46Z][2025-01-13T13:51:32Z][2025-08-16T20:08:34Z]}
{"logTime": "0116/142307", "correlationVector":"DcyENYesIyUvtKiP79EMXa","action":"Initial GetUpdates", "result":"", "context":Reason: NEW_CLIENT. cV=DcyENYesIyUvtKiP79EMXa}
{"logTime": "0116/142307", "correlationVector":"DcyENYesIyUvtKiP79EMXa.3","action":"GetUpdates Response", "result":"Success", "context":Received 1 update(s). cV=DcyENYesIyUvtKiP79EMXa.0;server=akswtt11100000j;cloudType=Consumer;environment=Prod_westeurope_prod-s01-080-eur-westeurope;migrationStage=NotStarted}
{"logTime": "0116/142307", "correlationVector":"+o7d+VJJnS/WEEbyPorDgR","action":"Initial GetUpdates", "result":"", "context":Reason: NEWLY_SUPPORTED_DATATYPE. cV=+o7d+VJJnS/WEEbyPorDgR}
{"logTime": "0116/142308", "correlationVector":"+o7d+VJJnS/WEEbyPorDgR.1","action":"SyncServerConnectionManagerRequest", "result":"SYNC_SERVER_OK", "context":{"environment":"Prod_westeurope_prod-s01-080-eur-westeurope", "migrationStage":"NotStarted", "server":"akswtt11100000t"}}
{"logTime": "0116/142308", "correlationVector":"+o7d+VJJnS/WEEbyPorDgR.2","action":"ProcessGetUpdates", "result":"Done", "context":{"dataType":"Passwords", "deleted":"0", "process_failed_to_decrypt":"0", "process_pending_decryption":"0", "process_success":"21", "total":"21"}}
{"logTime": "0116/142308", "correlationVector":"+o7d+VJJnS/WEEbyPorDgR.3","action":"GetUpdates Response", "result":"Success", "context":Received 21 update(s). cV=+o7d+VJJnS/WEEbyPorDgR.0;server=akswtt11100000t;cloudType=Consumer;environment=Prod_westeurope_prod-s01-080-eur-westeurope;migrationStage=NotStarted}
{"logTime": "0116/142308", "correlationVector":"XBvOzHvMh/SnDTo5PRKeaN","action":"Normal GetUpdate request", "result":"", "context":cV=XBvOzHvMh/SnDTo5PRKeaN
Nudged types: Preferences, Sessions, History
Refresh requested types: Bookmarks, Preferences, Passwords, Autofill Profiles, Autofill, Extensions, Sessions, Extension settings, History Delete Directives, Device Info, User Consents, Send Tab To Self, Web Apps, History, Saved Tab Group, WebAuthn Credentials, Collection, Edge E Drop, Edge Hub App Usage, Edge Wallet, Encryption Keys}
{"logTime": "0116/142308", "correlationVector":"XBvOzHvMh/SnDTo5PRKeaN.1","action":"SyncServerConnectionManagerRequest", "result":"SYNC_SERVER_OK", "context":{"environment":"Prod_westeurope_prod-s01-080-eur-westeurope", "migrationStage":"NotStarted", "server":"akswtt111000008"}}
{"logTime": "0116/142308", "correlationVector":"XBvOzHvMh/SnDTo5PRKeaN.2","action":"ProcessGetUpdates", "result":"Done", "context":{"dataType":"Preferences", "deleted":"0", "process_failed_to_decrypt":"0", "process_pending_decryption":"0", "process_success":"1", "total":"1"}}
{"logTime": "0116/142308", "correlationVector":"XBvOzHvMh/SnDTo5PRKeaN.3","action":"ProcessGetUpdates", "result":"Done", "context":{"dataType":"Sessions", "deleted":"0", "process_failed_to_decrypt":"0", "process_pending_decryption":"0", "process_success":"3", "total":"3"}}
{"logTime": "0116/142308", "correlationVector":"XBvOzHvMh/SnDTo5PRKeaN.4","action":"ProcessGetUpdates", "result":"Done", "context":{"dataType":"History", "deleted":"0", "process_failed_to_decrypt":"0", "process_pending_decryption":"0", "process_success":"1", "total":"1"}}
{"logTime": "0116/142308", "correlationVector":"XBvOzHvMh/SnDTo5PRKeaN.5","action":"GetUpdates Response", "result":"Success", "context":Received 5 update(s). cV=XBvOzHvMh/SnDTo5PRKeaN.0;server=akswtt111000008;cloudType=Consumer;environment=Prod_westeurope_prod-s01-080-eur-westeurope;migrationStage=NotStarted}
{"logTime": "0116/142308", "correlationVector":"x23CJdKDunUtlywENPxdX4","action":"Commit Request", "result":"", "context":Item count: 10
Contributing types: Preferences, Sessions, History}
{"logTime": "0116/142308", "correlationVector":"x23CJdKDunUtlywENPxdX4.1","action":"SyncServerConnectionManagerRequest", "result":"SYNC_SERVER_OK", "context":{"environment":"Prod_westeurope_prod-s01-080-eur-westeurope", "migrationStage":"NotStarted", "server":"akswtt11100000h"}}
{"logTime": "0116/142308", "correlationVector":"x23CJdKDunUtlywENPxdX4.2","action":"Commit Response", "result":"Success", "context":Result: Success. cV=x23CJdKDunUtlywENPxdX4.0;server=akswtt11100000h;cloudType=Consumer;environment=Prod_westeurope_prod-s01-080-eur-westeurope;migrationStage=NotStarted}
{"logTime": "0116/142310", "correlationVector":"kauPgd/AcipGoBAeWYFKhY","action":"Commit Request", "result":"", "context":Item count: 20
Contributing types: Preferences, Passwords}
{"logTime": "0116/142311", "correlationVector":"kauPgd/AcipGoBAeWYFKhY.1","action":"SyncServerConnectionManagerRequest", "result":"SYNC_SERVER_OK", "context":{"environment":"Prod_westeurope_prod-s01-080-eur-westeurope", "migrationStage":"NotStarted", "server":"akswtt111000008"}}
{"logTime": "0116/142311", "correlationVector":"kauPgd/AcipGoBAeWYFKhY.2","action":"Commit Response", "result":"Success", "context":Result: Success. cV=kauPgd/AcipGoBAeWYFKhY.0;server=akswtt111000008;cloudType=Consumer;environment=Prod_westeurope_prod-s01-080-eur-westeurope;migrationStage=NotStarted}
{"logTime": "0116/142457", "correlationVector":"tW8OwCK141PiNAakqNpOpI.1","action":"SyncServerConnectionManagerRequest", "result":"SYNC_SERVER_OK", "context":{"environment":"Prod_westeurope_prod-s01-080-eur-westeurope", "migrationStage":"NotStarted", "server":"akswtt111000000"}}
{"logTime": "0116/142457", "correlationVector":"tW8OwCK141PiNAakqNpOpI.2","action":"ProcessGetUpdates", "result":"Done", "context":{"dataType":"Encryption Keys", "deleted":"0", "process_failed_to_decrypt":"0", "process_pending_decryption":"0", "process_success":"1", "total":"1"}}
{"logTime": "0116/142457", "correlationVector":"1+lalPf99xqJD82t2aXABw","action":"SyncServerConnectionManagerRequest", "result":"SYNC_SERVER_OK", "context":{"environment":"", "migrationStage":"", "server":""}}
{"logTime": "0116/142457", "correlationVector":"1+lalPf99xqJD82t2aXABw.0","action":"EncryptionKeysFetcher.DownloadKeys:", "result":"Success", "context":Key count: 10, Last key timestamp: 2025-08-16T20:08:34Z}
{"logTime": "0116/142457", "correlationVector":"1+lalPf99xqJD82t2aXABw.1","action":"EncryptionKeysManager::SetEncryptionKeys:", "result":"Success", "context":Key names[10]:[E5FW0lgGFbdkPtfpupNA8D8hrUgGz8vK/SQAfVk3zxPlV+t2OMPrnCtql+Euc8ZVeU+5QGVIErnzibILIxkZUg==][MY3BvTX0f+YLMLPIXzj3tsnIiFcn/r/gihnDFExtY3BX8bSDWp3eSURLdxpDUAITXFJvzeWhcHCXGHVfFPKTnw==][zklBf02RZtZY/pYpD/Ib2bsFlM/SDS6dDs2mjebAUV5dtJkDZ59/0hhqsy0x4YbZO9+I55YoLXX292eq6D5O8Q==][S8FhcamYZUFFjQDVreDWQ04XY6vDp3qlZlyPbggVkLkpcBb9IwB1qw0JJ+I/zT/reiFspDjc59cr0U5mks22sg==][h1AhVTZ5vVeMLkmxefntrCjF2y/toI54Qs8kh+48g7vCtG7ZJ/ALc39wASXpI3EknMpDoTRlZGCDrfrq2V1IFw==][E2eFc19ejaFYRNgrtFAcHfqVHlIHtTFlfGAU1u2sdfM9LN/aOWn5l2GHPkarDMiWQNg95WRUoQ2CMBREEsnM9A==][xIZc6bBAlVcQdDcr5FLd9IDeueFX2ww+U7zGb+0Jy5BG5rP02xBf4FHzerbxhNcQgjMxn6Vo0DkpfSAg0DPgFw==][IndMo1ub+/6KhDM7AmKfRDuWlBI07M6BRbMUWjtRTKNS5UxzWtAt8xWDcJr3s77sZ9nH2p/x3MlyEetR8nKEBw==][yCq4dpJbYhR08TAideVNsaQebtZuBGudzC7jhiCfaJzyP6QD5D9u5UJY/7i5gceGBt1TrZyLpNO+mBFEVdZ5Yw==][lGKFfQo6En6tsIiJF/dXovggKB5OELc8xJWwHhKGA710VLnb3Y+nkxUirztaCInc5LW89XoC/WuYFQdTOBj0VA==]}
{"logTime": "0116/142457", "correlationVector":"1+lalPf99xqJD82t2aXABw.2","action":"EncryptionKeysManager::SetEncryptionKeysWithTimestamps:", "result":"Success", "context":Key timestamps[10]:[2020-10-18T16:27:12Z][2021-04-19T17:21:51Z][2021-10-23T09:33:23Z][2022-04-22T17:24:43Z][2022-11-13T16:14:41Z][2023-07-03T15:37:06Z][2024-01-13T17:15:44Z][2024-07-14T17:33:46Z][2025-01-13T13:51:32Z][2025-08-16T20:08:34Z]}
{"logTime": "0116/142457", "correlationVector":"tW8OwCK141PiNAakqNpOpI","action":"Initial GetUpdates", "result":"", "context":Reason: NEW_CLIENT. cV=tW8OwCK141PiNAakqNpOpI}
{"logTime": "0116/142457", "correlationVector":"tW8OwCK141PiNAakqNpOpI.3","action":"GetUpdates Response", "result":"Success", "context":Received 1 update(s). cV=tW8OwCK141PiNAakqNpOpI.0;server=akswtt111000000;cloudType=Consumer;environment=Prod_westeurope_prod-s01-080-eur-westeurope;migrationStage=NotStarted}
{"logTime": "0116/142457", "correlationVector":"5olzcSXJLZXSUb4dCj36Ji","action":"Initial GetUpdates", "result":"", "context":Reason: NEWLY_SUPPORTED_DATATYPE. cV=5olzcSXJLZXSUb4dCj36Ji}
{"logTime": "0116/142457", "correlationVector":"5olzcSXJLZXSUb4dCj36Ji.1","action":"SyncServerConnectionManagerRequest", "result":"SYNC_SERVER_OK", "context":{"environment":"Prod_westeurope_prod-s01-080-eur-westeurope", "migrationStage":"NotStarted", "server":"akswtt111000006"}}
{"logTime": "0116/142457", "correlationVector":"5olzcSXJLZXSUb4dCj36Ji.2","action":"ProcessGetUpdates", "result":"Done", "context":{"dataType":"Passwords", "deleted":"0", "process_failed_to_decrypt":"0", "process_pending_decryption":"0", "process_success":"21", "total":"21"}}
{"logTime": "0116/142457", "correlationVector":"5olzcSXJLZXSUb4dCj36Ji.3","action":"GetUpdates Response", "result":"Success", "context":Received 21 update(s). cV=5olzcSXJLZXSUb4dCj36Ji.0;server=akswtt111000006;cloudType=Consumer;environment=Prod_westeurope_prod-s01-080-eur-westeurope;migrationStage=NotStarted}
{"logTime": "0116/142457", "correlationVector":"J1GFxYAgcWA3AQC3PVrCk/","action":"Normal GetUpdate request", "result":"", "context":cV=J1GFxYAgcWA3AQC3PVrCk/
Nudged types: Preferences, Sessions, History
Refresh requested types: Bookmarks, Preferences, Passwords, Autofill Profiles, Autofill, Extensions, Sessions, Extension settings, History Delete Directives, Device Info, User Consents, Send Tab To Self, Web Apps, History, Saved Tab Group, WebAuthn Credentials, Collection, Edge E Drop, Edge Hub App Usage, Edge Wallet, Encryption Keys}
{"logTime": "0116/142457", "correlationVector":"J1GFxYAgcWA3AQC3PVrCk/.1","action":"SyncServerConnectionManagerRequest", "result":"SYNC_SERVER_OK", "context":{"environment":"Prod_westeurope_prod-s01-080-eur-westeurope", "migrationStage":"NotStarted", "server":"akswtt11100000c"}}
{"logTime": "0116/142457", "correlationVector":"J1GFxYAgcWA3AQC3PVrCk/.2","action":"ProcessGetUpdates", "result":"Done", "context":{"dataType":"Preferences", "deleted":"0", "process_failed_to_decrypt":"0", "process_pending_decryption":"0", "process_success":"1", "total":"1"}}
{"logTime": "0116/142457", "correlationVector":"J1GFxYAgcWA3AQC3PVrCk/.3","action":"ProcessGetUpdates", "result":"Done", "context":{"dataType":"Sessions", "deleted":"0", "process_failed_to_decrypt":"0", "process_pending_decryption":"0", "process_success":"3", "total":"3"}}
{"logTime": "0116/142457", "correlationVector":"J1GFxYAgcWA3AQC3PVrCk/.4","action":"ProcessGetUpdates", "result":"Done", "context":{"dataType":"History", "deleted":"0", "process_failed_to_decrypt":"0", "process_pending_decryption":"0", "process_success":"6", "total":"6"}}
{"logTime": "0116/142457", "correlationVector":"J1GFxYAgcWA3AQC3PVrCk/.5","action":"GetUpdates Response", "result":"Success", "context":Received 10 update(s). cV=J1GFxYAgcWA3AQC3PVrCk/.0;server=akswtt11100000c;cloudType=Consumer;environment=Prod_westeurope_prod-s01-080-eur-westeurope;migrationStage=NotStarted}
{"logTime": "0116/142457", "correlationVector":"MGpPY3rKAHimra5RxgiEFE","action":"Commit Request", "result":"", "context":Item count: 5
Contributing types: Preferences, Sessions, History}
{"logTime": "0116/142458", "correlationVector":"MGpPY3rKAHimra5RxgiEFE.1","action":"SyncServerConnectionManagerRequest", "result":"SYNC_SERVER_OK", "context":{"environment":"Prod_westeurope_prod-s01-080-eur-westeurope", "migrationStage":"NotStarted", "server":"akswtt11100000c"}}
{"logTime": "0116/142458", "correlationVector":"MGpPY3rKAHimra5RxgiEFE.2","action":"Commit Response", "result":"Success", "context":Result: Success. cV=MGpPY3rKAHimra5RxgiEFE.0;server=akswtt11100000c;cloudType=Consumer;environment=Prod_westeurope_prod-s01-080-eur-westeurope;migrationStage=NotStarted}
{"logTime": "0116/142500", "correlationVector":"gZl49nOO/e+T7IVtQ5vVUN","action":"Commit Request", "result":"", "context":Item count: 20
Contributing types: Preferences, Passwords}
{"logTime": "0116/142501", "correlationVector":"gZl49nOO/e+T7IVtQ5vVUN.1","action":"SyncServerConnectionManagerRequest", "result":"SYNC_SERVER_OK", "context":{"environment":"Prod_westeurope_prod-s01-080-eur-westeurope", "migrationStage":"NotStarted", "server":"akswtt111000009"}}
{"logTime": "0116/142501", "correlationVector":"gZl49nOO/e+T7IVtQ5vVUN.2","action":"Commit Response", "result":"Success", "context":Result: Success. cV=gZl49nOO/e+T7IVtQ5vVUN.0;server=akswtt111000009;cloudType=Consumer;environment=Prod_westeurope_prod-s01-080-eur-westeurope;migrationStage=NotStarted}
{"logTime": "0116/143238", "correlationVector":"WI2tGPUasEzUiFFnX5TiK6.1","action":"SyncServerConnectionManagerRequest", "result":"SYNC_SERVER_OK", "context":{"environment":"Prod_westeurope_prod-s01-080-eur-westeurope", "migrationStage":"NotStarted", "server":"akswtt11100000c"}}
{"logTime": "0116/143238", "correlationVector":"WI2tGPUasEzUiFFnX5TiK6.2","action":"ProcessGetUpdates", "result":"Done", "context":{"dataType":"Encryption Keys", "deleted":"0", "process_failed_to_decrypt":"0", "process_pending_decryption":"0", "process_success":"1", "total":"1"}}
{"logTime": "0116/143239", "correlationVector":"j4+qO9sONukY3tYdt+VKru","action":"SyncServerConnectionManagerRequest", "result":"SYNC_SERVER_OK", "context":{"environment":"", "migrationStage":"", "server":""}}
{"logTime": "0116/143239", "correlationVector":"j4+qO9sONukY3tYdt+VKru.0","action":"EncryptionKeysFetcher.DownloadKeys:", "result":"Success", "context":Key count: 10, Last key timestamp: 2025-08-16T20:08:34Z}
{"logTime": "0116/143239", "correlationVector":"j4+qO9sONukY3tYdt+VKru.1","action":"EncryptionKeysManager::SetEncryptionKeys:", "result":"Success", "context":Key names[10]:[E5FW0lgGFbdkPtfpupNA8D8hrUgGz8vK/SQAfVk3zxPlV+t2OMPrnCtql+Euc8ZVeU+5QGVIErnzibILIxkZUg==][MY3BvTX0f+YLMLPIXzj3tsnIiFcn/r/gihnDFExtY3BX8bSDWp3eSURLdxpDUAITXFJvzeWhcHCXGHVfFPKTnw==][zklBf02RZtZY/pYpD/Ib2bsFlM/SDS6dDs2mjebAUV5dtJkDZ59/0hhqsy0x4YbZO9+I55YoLXX292eq6D5O8Q==][S8FhcamYZUFFjQDVreDWQ04XY6vDp3qlZlyPbggVkLkpcBb9IwB1qw0JJ+I/zT/reiFspDjc59cr0U5mks22sg==][h1AhVTZ5vVeMLkmxefntrCjF2y/toI54Qs8kh+48g7vCtG7ZJ/ALc39wASXpI3EknMpDoTRlZGCDrfrq2V1IFw==][E2eFc19ejaFYRNgrtFAcHfqVHlIHtTFlfGAU1u2sdfM9LN/aOWn5l2GHPkarDMiWQNg95WRUoQ2CMBREEsnM9A==][xIZc6bBAlVcQdDcr5FLd9IDeueFX2ww+U7zGb+0Jy5BG5rP02xBf4FHzerbxhNcQgjMxn6Vo0DkpfSAg0DPgFw==][IndMo1ub+/6KhDM7AmKfRDuWlBI07M6BRbMUWjtRTKNS5UxzWtAt8xWDcJr3s77sZ9nH2p/x3MlyEetR8nKEBw==][yCq4dpJbYhR08TAideVNsaQebtZuBGudzC7jhiCfaJzyP6QD5D9u5UJY/7i5gceGBt1TrZyLpNO+mBFEVdZ5Yw==][lGKFfQo6En6tsIiJF/dXovggKB5OELc8xJWwHhKGA710VLnb3Y+nkxUirztaCInc5LW89XoC/WuYFQdTOBj0VA==]}
{"logTime": "0116/143239", "correlationVector":"j4+qO9sONukY3tYdt+VKru.2","action":"EncryptionKeysManager::SetEncryptionKeysWithTimestamps:", "result":"Success", "context":Key timestamps[10]:[2020-10-18T16:27:12Z][2021-04-19T17:21:51Z][2021-10-23T09:33:23Z][2022-04-22T17:24:43Z][2022-11-13T16:14:41Z][2023-07-03T15:37:06Z][2024-01-13T17:15:44Z][2024-07-14T17:33:46Z][2025-01-13T13:51:32Z][2025-08-16T20:08:34Z]}
{"logTime": "0116/143239", "correlationVector":"WI2tGPUasEzUiFFnX5TiK6","action":"Initial GetUpdates", "result":"", "context":Reason: NEW_CLIENT. cV=WI2tGPUasEzUiFFnX5TiK6}
{"logTime": "0116/143239", "correlationVector":"WI2tGPUasEzUiFFnX5TiK6.3","action":"GetUpdates Response", "result":"Success", "context":Received 1 update(s). cV=WI2tGPUasEzUiFFnX5TiK6.0;server=akswtt11100000c;cloudType=Consumer;environment=Prod_westeurope_prod-s01-080-eur-westeurope;migrationStage=NotStarted}
{"logTime": "0116/143239", "correlationVector":"c0rcqQQAGg7JRSMtKMvg4z","action":"Initial GetUpdates", "result":"", "context":Reason: NEWLY_SUPPORTED_DATATYPE. cV=c0rcqQQAGg7JRSMtKMvg4z}
{"logTime": "0116/143239", "correlationVector":"c0rcqQQAGg7JRSMtKMvg4z.1","action":"SyncServerConnectionManagerRequest", "result":"SYNC_SERVER_OK", "context":{"environment":"Prod_westeurope_prod-s01-080-eur-westeurope", "migrationStage":"NotStarted", "server":"akswtt11100000t"}}
{"logTime": "0116/143239", "correlationVector":"c0rcqQQAGg7JRSMtKMvg4z.2","action":"ProcessGetUpdates", "result":"Done", "context":{"dataType":"Passwords", "deleted":"0", "process_failed_to_decrypt":"0", "process_pending_decryption":"0", "process_success":"21", "total":"21"}}
{"logTime": "0116/143239", "correlationVector":"c0rcqQQAGg7JRSMtKMvg4z.3","action":"GetUpdates Response", "result":"Success", "context":Received 21 update(s). cV=c0rcqQQAGg7JRSMtKMvg4z.0;server=akswtt11100000t;cloudType=Consumer;environment=Prod_westeurope_prod-s01-080-eur-westeurope;migrationStage=NotStarted}
{"logTime": "0116/143239", "correlationVector":"lIG/WEGQnrXMhjPn8zHHml","action":"Normal GetUpdate request", "result":"", "context":cV=lIG/WEGQnrXMhjPn8zHHml
Nudged types: Preferences, Sessions, History
Refresh requested types: Bookmarks, Preferences, Passwords, Autofill Profiles, Autofill, Extensions, Sessions, Extension settings, History Delete Directives, Device Info, User Consents, Send Tab To Self, Web Apps, History, Saved Tab Group, WebAuthn Credentials, Collection, Edge E Drop, Edge Hub App Usage, Edge Wallet, Encryption Keys}
{"logTime": "0116/143240", "correlationVector":"lIG/WEGQnrXMhjPn8zHHml.1","action":"SyncServerConnectionManagerRequest", "result":"SYNC_SERVER_OK", "context":{"environment":"Prod_westeurope_prod-s01-080-eur-westeurope", "migrationStage":"NotStarted", "server":"akswtt111000009"}}
{"logTime": "0116/143240", "correlationVector":"lIG/WEGQnrXMhjPn8zHHml.2","action":"ProcessGetUpdates", "result":"Done", "context":{"dataType":"Preferences", "deleted":"0", "process_failed_to_decrypt":"0", "process_pending_decryption":"0", "process_success":"1", "total":"1"}}
{"logTime": "0116/143240", "correlationVector":"lIG/WEGQnrXMhjPn8zHHml.3","action":"ProcessGetUpdates", "result":"Done", "context":{"dataType":"Sessions", "deleted":"0", "process_failed_to_decrypt":"0", "process_pending_decryption":"0", "process_success":"3", "total":"3"}}
{"logTime": "0116/143240", "correlationVector":"lIG/WEGQnrXMhjPn8zHHml.4","action":"ProcessGetUpdates", "result":"Done", "context":{"dataType":"History", "deleted":"0", "process_failed_to_decrypt":"0", "process_pending_decryption":"0", "process_success":"1", "total":"1"}}
{"logTime": "0116/143240", "correlationVector":"lIG/WEGQnrXMhjPn8zHHml.5","action":"GetUpdates Response", "result":"Success", "context":Received 5 update(s). cV=lIG/WEGQnrXMhjPn8zHHml.0;server=akswtt111000009;cloudType=Consumer;environment=Prod_westeurope_prod-s01-080-eur-westeurope;migrationStage=NotStarted}
{"logTime": "0116/143240", "correlationVector":"OSAybVRglYD6fUMxiFIrlv","action":"Commit Request", "result":"", "context":Item count: 5
Contributing types: Preferences, Sessions, History}
{"logTime": "0116/143240", "correlationVector":"OSAybVRglYD6fUMxiFIrlv.1","action":"SyncServerConnectionManagerRequest", "result":"SYNC_SERVER_OK", "context":{"environment":"Prod_westeurope_prod-s01-080-eur-westeurope", "migrationStage":"NotStarted", "server":"akswtt11100000b"}}
{"logTime": "0116/143240", "correlationVector":"OSAybVRglYD6fUMxiFIrlv.2","action":"Commit Response", "result":"Success", "context":Result: Success. cV=OSAybVRglYD6fUMxiFIrlv.0;server=akswtt11100000b;cloudType=Consumer;environment=Prod_westeurope_prod-s01-080-eur-westeurope;migrationStage=NotStarted}
{"logTime": "0116/143242", "correlationVector":"rnVH4lAsqV9cANS7pTzcSo","action":"Commit Request", "result":"", "context":Item count: 3
Contributing types: Sessions, History}
{"logTime": "0116/143242", "correlationVector":"rnVH4lAsqV9cANS7pTzcSo.1","action":"SyncServerConnectionManagerRequest", "result":"SYNC_SERVER_OK", "context":{"environment":"Prod_westeurope_prod-s01-080-eur-westeurope", "migrationStage":"NotStarted", "server":"akswtt11100000t"}}
{"logTime": "0116/143242", "correlationVector":"rnVH4lAsqV9cANS7pTzcSo.3","action":"Commit.Sessions", "result":"Success", "context":{"id":"4cf73729-45d6-4c69-9d39-4dc66baa65e6", "isDeleted":"true", "size":"0", "version":"1768574126650"}}
{"logTime": "0116/143242", "correlationVector":"rnVH4lAsqV9cANS7pTzcSo.2","action":"Commit Response", "result":"Success", "context":Result: Success. cV=rnVH4lAsqV9cANS7pTzcSo.0;server=akswtt11100000t;cloudType=Consumer;environment=Prod_westeurope_prod-s01-080-eur-westeurope;migrationStage=NotStarted}
{"logTime": "0116/143242", "correlationVector":"7clZi/1tMtEOXrzIG0a6gB","action":"Commit Request", "result":"", "context":Item count: 20
Contributing types: Preferences, Passwords}
{"logTime": "0116/143243", "correlationVector":"7clZi/1tMtEOXrzIG0a6gB.1","action":"SyncServerConnectionManagerRequest", "result":"SYNC_SERVER_OK", "context":{"environment":"Prod_westeurope_prod-s01-080-eur-westeurope", "migrationStage":"NotStarted", "server":"akswtt11100000f"}}
{"logTime": "0116/143243", "correlationVector":"7clZi/1tMtEOXrzIG0a6gB.2","action":"Commit Response", "result":"Success", "context":Result: Success. cV=7clZi/1tMtEOXrzIG0a6gB.0;server=akswtt11100000f;cloudType=Consumer;environment=Prod_westeurope_prod-s01-080-eur-westeurope;migrationStage=NotStarted}
{"logTime": "0116/145447", "correlationVector":"QSyGAzDkD9+NVIPcvNQ5FD.1","action":"SyncServerConnectionManagerRequest", "result":"SYNC_SERVER_OK", "context":{"environment":"Prod_westeurope_prod-s01-080-eur-westeurope", "migrationStage":"NotStarted", "server":"akswtt111000008"}}
{"logTime": "0116/145447", "correlationVector":"QSyGAzDkD9+NVIPcvNQ5FD.2","action":"ProcessGetUpdates", "result":"Done", "context":{"dataType":"Encryption Keys", "deleted":"0", "process_failed_to_decrypt":"0", "process_pending_decryption":"0", "process_success":"1", "total":"1"}}
{"logTime": "0116/145447", "correlationVector":"1D4zarnS8rbmqOYY7OHvHd","action":"SyncServerConnectionManagerRequest", "result":"SYNC_SERVER_OK", "context":{"environment":"", "migrationStage":"", "server":""}}
{"logTime": "0116/145447", "correlationVector":"1D4zarnS8rbmqOYY7OHvHd.0","action":"EncryptionKeysFetcher.DownloadKeys:", "result":"Success", "context":Key count: 10, Last key timestamp: 2025-08-16T20:08:34Z}
{"logTime": "0116/145447", "correlationVector":"1D4zarnS8rbmqOYY7OHvHd.1","action":"EncryptionKeysManager::SetEncryptionKeys:", "result":"Success", "context":Key names[10]:[E5FW0lgGFbdkPtfpupNA8D8hrUgGz8vK/SQAfVk3zxPlV+t2OMPrnCtql+Euc8ZVeU+5QGVIErnzibILIxkZUg==][MY3BvTX0f+YLMLPIXzj3tsnIiFcn/r/gihnDFExtY3BX8bSDWp3eSURLdxpDUAITXFJvzeWhcHCXGHVfFPKTnw==][zklBf02RZtZY/pYpD/Ib2bsFlM/SDS6dDs2mjebAUV5dtJkDZ59/0hhqsy0x4YbZO9+I55YoLXX292eq6D5O8Q==][S8FhcamYZUFFjQDVreDWQ04XY6vDp3qlZlyPbggVkLkpcBb9IwB1qw0JJ+I/zT/reiFspDjc59cr0U5mks22sg==][h1AhVTZ5vVeMLkmxefntrCjF2y/toI54Qs8kh+48g7vCtG7ZJ/ALc39wASXpI3EknMpDoTRlZGCDrfrq2V1IFw==][E2eFc19ejaFYRNgrtFAcHfqVHlIHtTFlfGAU1u2sdfM9LN/aOWn5l2GHPkarDMiWQNg95WRUoQ2CMBREEsnM9A==][xIZc6bBAlVcQdDcr5FLd9IDeueFX2ww+U7zGb+0Jy5BG5rP02xBf4FHzerbxhNcQgjMxn6Vo0DkpfSAg0DPgFw==][IndMo1ub+/6KhDM7AmKfRDuWlBI07M6BRbMUWjtRTKNS5UxzWtAt8xWDcJr3s77sZ9nH2p/x3MlyEetR8nKEBw==][yCq4dpJbYhR08TAideVNsaQebtZuBGudzC7jhiCfaJzyP6QD5D9u5UJY/7i5gceGBt1TrZyLpNO+mBFEVdZ5Yw==][lGKFfQo6En6tsIiJF/dXovggKB5OELc8xJWwHhKGA710VLnb3Y+nkxUirztaCInc5LW89XoC/WuYFQdTOBj0VA==]}
{"logTime": "0116/145447", "correlationVector":"1D4zarnS8rbmqOYY7OHvHd.2","action":"EncryptionKeysManager::SetEncryptionKeysWithTimestamps:", "result":"Success", "context":Key timestamps[10]:[2020-10-18T16:27:12Z][2021-04-19T17:21:51Z][2021-10-23T09:33:23Z][2022-04-22T17:24:43Z][2022-11-13T16:14:41Z][2023-07-03T15:37:06Z][2024-01-13T17:15:44Z][2024-07-14T17:33:46Z][2025-01-13T13:51:32Z][2025-08-16T20:08:34Z]}
{"logTime": "0116/145447", "correlationVector":"QSyGAzDkD9+NVIPcvNQ5FD","action":"Initial GetUpdates", "result":"", "context":Reason: NEW_CLIENT. cV=QSyGAzDkD9+NVIPcvNQ5FD}
{"logTime": "0116/145447", "correlationVector":"QSyGAzDkD9+NVIPcvNQ5FD.3","action":"GetUpdates Response", "result":"Success", "context":Received 1 update(s). cV=QSyGAzDkD9+NVIPcvNQ5FD.0;server=akswtt111000008;cloudType=Consumer;environment=Prod_westeurope_prod-s01-080-eur-westeurope;migrationStage=NotStarted}
{"logTime": "0116/145447", "correlationVector":"RLSjbULWukncsTT5Cg3ySj","action":"Initial GetUpdates", "result":"", "context":Reason: NEWLY_SUPPORTED_DATATYPE. cV=RLSjbULWukncsTT5Cg3ySj}
{"logTime": "0116/145448", "correlationVector":"RLSjbULWukncsTT5Cg3ySj.1","action":"SyncServerConnectionManagerRequest", "result":"SYNC_SERVER_OK", "context":{"environment":"Prod_westeurope_prod-s01-080-eur-westeurope", "migrationStage":"NotStarted", "server":"akswtt11100000n"}}
{"logTime": "0116/145448", "correlationVector":"RLSjbULWukncsTT5Cg3ySj.2","action":"ProcessGetUpdates", "result":"Done", "context":{"dataType":"Passwords", "deleted":"0", "process_failed_to_decrypt":"0", "process_pending_decryption":"0", "process_success":"21", "total":"21"}}
{"logTime": "0116/145448", "correlationVector":"RLSjbULWukncsTT5Cg3ySj.3","action":"GetUpdates Response", "result":"Success", "context":Received 21 update(s). cV=RLSjbULWukncsTT5Cg3ySj.0;server=akswtt11100000n;cloudType=Consumer;environment=Prod_westeurope_prod-s01-080-eur-westeurope;migrationStage=NotStarted}
{"logTime": "0116/145448", "correlationVector":"G0xfF4eu3jX+ByqbkIEqHk","action":"Normal GetUpdate request", "result":"", "context":cV=G0xfF4eu3jX+ByqbkIEqHk
Nudged types: Preferences, Sessions, Device Info, History
Refresh requested types: Bookmarks, Preferences, Passwords, Autofill Profiles, Autofill, Extensions, Sessions, Extension settings, History Delete Directives, Device Info, User Consents, Send Tab To Self, Web Apps, History, Saved Tab Group, WebAuthn Credentials, Collection, Edge E Drop, Edge Hub App Usage, Edge Wallet, Encryption Keys}
{"logTime": "0116/145448", "correlationVector":"G0xfF4eu3jX+ByqbkIEqHk.1","action":"SyncServerConnectionManagerRequest", "result":"SYNC_SERVER_OK", "context":{"environment":"Prod_westeurope_prod-s01-080-eur-westeurope", "migrationStage":"NotStarted", "server":"akswtt111000006"}}
{"logTime": "0116/145448", "correlationVector":"G0xfF4eu3jX+ByqbkIEqHk.2","action":"ProcessGetUpdates", "result":"Done", "context":{"dataType":"Preferences", "deleted":"0", "process_failed_to_decrypt":"0", "process_pending_decryption":"0", "process_success":"1", "total":"1"}}
{"logTime": "0116/145448", "correlationVector":"G0xfF4eu3jX+ByqbkIEqHk.3","action":"ProcessGetUpdates", "result":"Done", "context":{"dataType":"Sessions", "deleted":"1", "process_failed_to_decrypt":"0", "process_pending_decryption":"0", "process_success":"3", "total":"3"}}
{"logTime": "0116/145448", "correlationVector":"G0xfF4eu3jX+ByqbkIEqHk.4","action":"ProcessGetUpdates", "result":"Done", "context":{"dataType":"History", "deleted":"0", "process_failed_to_decrypt":"0", "process_pending_decryption":"0", "process_success":"2", "total":"2"}}
{"logTime": "0116/145448", "correlationVector":"G0xfF4eu3jX+ByqbkIEqHk.5","action":"GetUpdates Response", "result":"Success", "context":Received 6 update(s). cV=G0xfF4eu3jX+ByqbkIEqHk.0;server=akswtt111000006;cloudType=Consumer;environment=Prod_westeurope_prod-s01-080-eur-westeurope;migrationStage=NotStarted}
{"logTime": "0116/145448", "correlationVector":"/iqT630MSJ4+AUqZB7Hpkr","action":"Commit Request", "result":"", "context":Item count: 6
Contributing types: Preferences, Sessions, Device Info, History}
{"logTime": "0116/145449", "correlationVector":"/iqT630MSJ4+AUqZB7Hpkr.1","action":"SyncServerConnectionManagerRequest", "result":"SYNC_SERVER_OK", "context":{"environment":"Prod_westeurope_prod-s01-080-eur-westeurope", "migrationStage":"NotStarted", "server":"akswtt11100000n"}}
{"logTime": "0116/145449", "correlationVector":"/iqT630MSJ4+AUqZB7Hpkr.3","action":"Commit.Sessions", "result":"Success", "context":{"id":"0ff18d12-77e8-4454-be6c-36d96573f759", "isDeleted":"true", "size":"0", "version":"1768574129020"}}
{"logTime": "0116/145449", "correlationVector":"/iqT630MSJ4+AUqZB7Hpkr.2","action":"Commit Response", "result":"Success", "context":Result: Success. cV=/iqT630MSJ4+AUqZB7Hpkr.0;server=akswtt11100000n;cloudType=Consumer;environment=Prod_westeurope_prod-s01-080-eur-westeurope;migrationStage=NotStarted}
{"logTime": "0116/145451", "correlationVector":"NW0sFtU6/bPvmw7FFfYOmt","action":"Commit Request", "result":"", "context":Item count: 22
Contributing types: Preferences, Passwords, Sessions, History}
{"logTime": "0116/145452", "correlationVector":"NW0sFtU6/bPvmw7FFfYOmt.1","action":"SyncServerConnectionManagerRequest", "result":"SYNC_SERVER_OK", "context":{"environment":"Prod_westeurope_prod-s01-080-eur-westeurope", "migrationStage":"NotStarted", "server":"akswtt11100000w"}}
{"logTime": "0116/145452", "correlationVector":"NW0sFtU6/bPvmw7FFfYOmt.2","action":"Commit Response", "result":"Success", "context":Result: Success. cV=NW0sFtU6/bPvmw7FFfYOmt.0;server=akswtt11100000w;cloudType=Consumer;environment=Prod_westeurope_prod-s01-080-eur-westeurope;migrationStage=NotStarted}
{"logTime": "0116/145648", "correlationVector":"qn/ZEtQhK0nyqnzEywfNMu.1","action":"SyncServerConnectionManagerRequest", "result":"SYNC_SERVER_OK", "context":{"environment":"Prod_westeurope_prod-s01-080-eur-westeurope", "migrationStage":"NotStarted", "server":"akswtt11100000g"}}
{"logTime": "0116/145648", "correlationVector":"qn/ZEtQhK0nyqnzEywfNMu.2","action":"ProcessGetUpdates", "result":"Done", "context":{"dataType":"Encryption Keys", "deleted":"0", "process_failed_to_decrypt":"0", "process_pending_decryption":"0", "process_success":"1", "total":"1"}}
{"logTime": "0116/145648", "correlationVector":"RoeMmM5Cmi0lww9RHsexJH","action":"SyncServerConnectionManagerRequest", "result":"SYNC_SERVER_OK", "context":{"environment":"", "migrationStage":"", "server":""}}
{"logTime": "0116/145648", "correlationVector":"RoeMmM5Cmi0lww9RHsexJH.0","action":"EncryptionKeysFetcher.DownloadKeys:", "result":"Success", "context":Key count: 10, Last key timestamp: 2025-08-16T20:08:34Z}
{"logTime": "0116/145648", "correlationVector":"RoeMmM5Cmi0lww9RHsexJH.1","action":"EncryptionKeysManager::SetEncryptionKeys:", "result":"Success", "context":Key names[10]:[E5FW0lgGFbdkPtfpupNA8D8hrUgGz8vK/SQAfVk3zxPlV+t2OMPrnCtql+Euc8ZVeU+5QGVIErnzibILIxkZUg==][MY3BvTX0f+YLMLPIXzj3tsnIiFcn/r/gihnDFExtY3BX8bSDWp3eSURLdxpDUAITXFJvzeWhcHCXGHVfFPKTnw==][zklBf02RZtZY/pYpD/Ib2bsFlM/SDS6dDs2mjebAUV5dtJkDZ59/0hhqsy0x4YbZO9+I55YoLXX292eq6D5O8Q==][S8FhcamYZUFFjQDVreDWQ04XY6vDp3qlZlyPbggVkLkpcBb9IwB1qw0JJ+I/zT/reiFspDjc59cr0U5mks22sg==][h1AhVTZ5vVeMLkmxefntrCjF2y/toI54Qs8kh+48g7vCtG7ZJ/ALc39wASXpI3EknMpDoTRlZGCDrfrq2V1IFw==][E2eFc19ejaFYRNgrtFAcHfqVHlIHtTFlfGAU1u2sdfM9LN/aOWn5l2GHPkarDMiWQNg95WRUoQ2CMBREEsnM9A==][xIZc6bBAlVcQdDcr5FLd9IDeueFX2ww+U7zGb+0Jy5BG5rP02xBf4FHzerbxhNcQgjMxn6Vo0DkpfSAg0DPgFw==][IndMo1ub+/6KhDM7AmKfRDuWlBI07M6BRbMUWjtRTKNS5UxzWtAt8xWDcJr3s77sZ9nH2p/x3MlyEetR8nKEBw==][yCq4dpJbYhR08TAideVNsaQebtZuBGudzC7jhiCfaJzyP6QD5D9u5UJY/7i5gceGBt1TrZyLpNO+mBFEVdZ5Yw==][lGKFfQo6En6tsIiJF/dXovggKB5OELc8xJWwHhKGA710VLnb3Y+nkxUirztaCInc5LW89XoC/WuYFQdTOBj0VA==]}
{"logTime": "0116/145648", "correlationVector":"RoeMmM5Cmi0lww9RHsexJH.2","action":"EncryptionKeysManager::SetEncryptionKeysWithTimestamps:", "result":"Success", "context":Key timestamps[10]:[2020-10-18T16:27:12Z][2021-04-19T17:21:51Z][2021-10-23T09:33:23Z][2022-04-22T17:24:43Z][2022-11-13T16:14:41Z][2023-07-03T15:37:06Z][2024-01-13T17:15:44Z][2024-07-14T17:33:46Z][2025-01-13T13:51:32Z][2025-08-16T20:08:34Z]}
{"logTime": "0116/145648", "correlationVector":"qn/ZEtQhK0nyqnzEywfNMu","action":"Initial GetUpdates", "result":"", "context":Reason: NEW_CLIENT. cV=qn/ZEtQhK0nyqnzEywfNMu}
{"logTime": "0116/145648", "correlationVector":"qn/ZEtQhK0nyqnzEywfNMu.3","action":"GetUpdates Response", "result":"Success", "context":Received 1 update(s). cV=qn/ZEtQhK0nyqnzEywfNMu.0;server=akswtt11100000g;cloudType=Consumer;environment=Prod_westeurope_prod-s01-080-eur-westeurope;migrationStage=NotStarted}
{"logTime": "0116/145648", "correlationVector":"qCatLMpC8HZHYaxk5t0Iqq","action":"Initial GetUpdates", "result":"", "context":Reason: NEWLY_SUPPORTED_DATATYPE. cV=qCatLMpC8HZHYaxk5t0Iqq}
{"logTime": "0116/145649", "correlationVector":"qCatLMpC8HZHYaxk5t0Iqq.1","action":"SyncServerConnectionManagerRequest", "result":"SYNC_SERVER_OK", "context":{"environment":"Prod_westeurope_prod-s01-080-eur-westeurope", "migrationStage":"NotStarted", "server":"akswtt11100000c"}}
{"logTime": "0116/145649", "correlationVector":"qCatLMpC8HZHYaxk5t0Iqq.2","action":"ProcessGetUpdates", "result":"Done", "context":{"dataType":"Passwords", "deleted":"0", "process_failed_to_decrypt":"0", "process_pending_decryption":"0", "process_success":"21", "total":"21"}}
{"logTime": "0116/145649", "correlationVector":"qCatLMpC8HZHYaxk5t0Iqq.3","action":"GetUpdates Response", "result":"Success", "context":Received 21 update(s). cV=qCatLMpC8HZHYaxk5t0Iqq.0;server=akswtt11100000c;cloudType=Consumer;environment=Prod_westeurope_prod-s01-080-eur-westeurope;migrationStage=NotStarted}
{"logTime": "0116/145649", "correlationVector":"0P5u5D1W49f0O3o26fWuUt","action":"Normal GetUpdate request", "result":"", "context":cV=0P5u5D1W49f0O3o26fWuUt
Nudged types: Preferences, Sessions, History
Refresh requested types: Bookmarks, Preferences, Passwords, Autofill Profiles, Autofill, Extensions, Sessions, Extension settings, History Delete Directives, Device Info, User Consents, Send Tab To Self, Web Apps, History, Saved Tab Group, WebAuthn Credentials, Collection, Edge E Drop, Edge Hub App Usage, Edge Wallet, Encryption Keys}
{"logTime": "0116/145649", "correlationVector":"0P5u5D1W49f0O3o26fWuUt.1","action":"SyncServerConnectionManagerRequest", "result":"SYNC_SERVER_OK", "context":{"environment":"Prod_westeurope_prod-s01-080-eur-westeurope", "migrationStage":"NotStarted", "server":"akswtt111000004"}}
{"logTime": "0116/145649", "correlationVector":"0P5u5D1W49f0O3o26fWuUt.2","action":"ProcessGetUpdates", "result":"Done", "context":{"dataType":"Preferences", "deleted":"0", "process_failed_to_decrypt":"0", "process_pending_decryption":"0", "process_success":"1", "total":"1"}}
{"logTime": "0116/145649", "correlationVector":"0P5u5D1W49f0O3o26fWuUt.3","action":"ProcessGetUpdates", "result":"Done", "context":{"dataType":"Sessions", "deleted":"1", "process_failed_to_decrypt":"0", "process_pending_decryption":"0", "process_success":"3", "total":"3"}}
{"logTime": "0116/145649", "correlationVector":"0P5u5D1W49f0O3o26fWuUt.4","action":"ProcessGetUpdates", "result":"Done", "context":{"dataType":"History", "deleted":"0", "process_failed_to_decrypt":"0", "process_pending_decryption":"0", "process_success":"2", "total":"2"}}
{"logTime": "0116/145649", "correlationVector":"0P5u5D1W49f0O3o26fWuUt.5","action":"GetUpdates Response", "result":"Success", "context":Received 6 update(s). cV=0P5u5D1W49f0O3o26fWuUt.0;server=akswtt111000004;cloudType=Consumer;environment=Prod_westeurope_prod-s01-080-eur-westeurope;migrationStage=NotStarted}
{"logTime": "0116/145649", "correlationVector":"7pqQhB5BjENF/kksocWyS3","action":"Commit Request", "result":"", "context":Item count: 5
Contributing types: Preferences, Sessions, History}
{"logTime": "0116/145649", "correlationVector":"7pqQhB5BjENF/kksocWyS3.1","action":"SyncServerConnectionManagerRequest", "result":"SYNC_SERVER_OK", "context":{"environment":"Prod_westeurope_prod-s01-080-eur-westeurope", "migrationStage":"NotStarted", "server":"akswtt111000008"}}
{"logTime": "0116/145649", "correlationVector":"7pqQhB5BjENF/kksocWyS3.2","action":"Commit Response", "result":"Success", "context":Result: Success. cV=7pqQhB5BjENF/kksocWyS3.0;server=akswtt111000008;cloudType=Consumer;environment=Prod_westeurope_prod-s01-080-eur-westeurope;migrationStage=NotStarted}
{"logTime": "0116/145651", "correlationVector":"uk3qSFHWx8IhTWXlTpm9NL","action":"Commit Request", "result":"", "context":Item count: 20
Contributing types: Preferences, Passwords}
{"logTime": "0116/145652", "correlationVector":"uk3qSFHWx8IhTWXlTpm9NL.1","action":"SyncServerConnectionManagerRequest", "result":"SYNC_SERVER_OK", "context":{"environment":"Prod_westeurope_prod-s01-080-eur-westeurope", "migrationStage":"NotStarted", "server":"akswtt11100000g"}}
{"logTime": "0116/145652", "correlationVector":"uk3qSFHWx8IhTWXlTpm9NL.2","action":"Commit Response", "result":"Success", "context":Result: Success. cV=uk3qSFHWx8IhTWXlTpm9NL.0;server=akswtt11100000g;cloudType=Consumer;environment=Prod_westeurope_prod-s01-080-eur-westeurope;migrationStage=NotStarted}
{"logTime": "0116/145658", "correlationVector":"mnS6uY/JJ0uFkC6wuZEJGk","action":"Commit Request", "result":"", "context":Item count: 7
Contributing types: Preferences, Sessions, History, Edge Hub App Usage}
{"logTime": "0116/145658", "correlationVector":"mnS6uY/JJ0uFkC6wuZEJGk.1","action":"SyncServerConnectionManagerRequest", "result":"SYNC_SERVER_OK", "context":{"environment":"Prod_westeurope_prod-s01-080-eur-westeurope", "migrationStage":"NotStarted", "server":"akswtt11100000g"}}
{"logTime": "0116/145658", "correlationVector":"mnS6uY/JJ0uFkC6wuZEJGk.3","action":"Commit.Sessions", "result":"Success", "context":{"id":"eedb5ad8-1c7d-4503-bc67-d0d4d33fcb31", "isDeleted":"true", "size":"0", "version":"1768575575884"}}
{"logTime": "0116/145658", "correlationVector":"mnS6uY/JJ0uFkC6wuZEJGk.2","action":"Commit Response", "result":"Success", "context":Result: Success. cV=mnS6uY/JJ0uFkC6wuZEJGk.0;server=akswtt11100000g;cloudType=Consumer;environment=Prod_westeurope_prod-s01-080-eur-westeurope;migrationStage=NotStarted}
{"logTime": "0116/145700", "correlationVector":"3trCbi4ijTY1Fr30gl6na4","action":"Commit Request", "result":"", "context":Item count: 2
Contributing types: Edge Hub App Usage}
{"logTime": "0116/145701", "correlationVector":"3trCbi4ijTY1Fr30gl6na4.1","action":"SyncServerConnectionManagerRequest", "result":"SYNC_SERVER_OK", "context":{"environment":"Prod_westeurope_prod-s01-080-eur-westeurope", "migrationStage":"NotStarted", "server":"akswtt11100000g"}}
{"logTime": "0116/145701", "correlationVector":"3trCbi4ijTY1Fr30gl6na4.2","action":"Commit Response", "result":"Success", "context":Result: Success. cV=3trCbi4ijTY1Fr30gl6na4.0;server=akswtt11100000g;cloudType=Consumer;environment=Prod_westeurope_prod-s01-080-eur-westeurope;migrationStage=NotStarted}
{"logTime": "0116/150028", "correlationVector":"BbpgTVvaD+bHm/c2W8xymZ.1","action":"SyncServerConnectionManagerRequest", "result":"SYNC_SERVER_OK", "context":{"environment":"Prod_westeurope_prod-s01-080-eur-westeurope", "migrationStage":"NotStarted", "server":"akswtt11100000f"}}
{"logTime": "0116/150028", "correlationVector":"BbpgTVvaD+bHm/c2W8xymZ.2","action":"ProcessGetUpdates", "result":"Done", "context":{"dataType":"Encryption Keys", "deleted":"0", "process_failed_to_decrypt":"0", "process_pending_decryption":"0", "process_success":"1", "total":"1"}}
{"logTime": "0116/150029", "correlationVector":"SAeqOfi81J5A2MmZFDubX4","action":"SyncServerConnectionManagerRequest", "result":"SYNC_SERVER_OK", "context":{"environment":"", "migrationStage":"", "server":""}}
{"logTime": "0116/150029", "correlationVector":"SAeqOfi81J5A2MmZFDubX4.0","action":"EncryptionKeysFetcher.DownloadKeys:", "result":"Success", "context":Key count: 10, Last key timestamp: 2025-08-16T20:08:34Z}
{"logTime": "0116/150029", "correlationVector":"SAeqOfi81J5A2MmZFDubX4.1","action":"EncryptionKeysManager::SetEncryptionKeys:", "result":"Success", "context":Key names[10]:[E5FW0lgGFbdkPtfpupNA8D8hrUgGz8vK/SQAfVk3zxPlV+t2OMPrnCtql+Euc8ZVeU+5QGVIErnzibILIxkZUg==][MY3BvTX0f+YLMLPIXzj3tsnIiFcn/r/gihnDFExtY3BX8bSDWp3eSURLdxpDUAITXFJvzeWhcHCXGHVfFPKTnw==][zklBf02RZtZY/pYpD/Ib2bsFlM/SDS6dDs2mjebAUV5dtJkDZ59/0hhqsy0x4YbZO9+I55YoLXX292eq6D5O8Q==][S8FhcamYZUFFjQDVreDWQ04XY6vDp3qlZlyPbggVkLkpcBb9IwB1qw0JJ+I/zT/reiFspDjc59cr0U5mks22sg==][h1AhVTZ5vVeMLkmxefntrCjF2y/toI54Qs8kh+48g7vCtG7ZJ/ALc39wASXpI3EknMpDoTRlZGCDrfrq2V1IFw==][E2eFc19ejaFYRNgrtFAcHfqVHlIHtTFlfGAU1u2sdfM9LN/aOWn5l2GHPkarDMiWQNg95WRUoQ2CMBREEsnM9A==][xIZc6bBAlVcQdDcr5FLd9IDeueFX2ww+U7zGb+0Jy5BG5rP02xBf4FHzerbxhNcQgjMxn6Vo0DkpfSAg0DPgFw==][IndMo1ub+/6KhDM7AmKfRDuWlBI07M6BRbMUWjtRTKNS5UxzWtAt8xWDcJr3s77sZ9nH2p/x3MlyEetR8nKEBw==][yCq4dpJbYhR08TAideVNsaQebtZuBGudzC7jhiCfaJzyP6QD5D9u5UJY/7i5gceGBt1TrZyLpNO+mBFEVdZ5Yw==][lGKFfQo6En6tsIiJF/dXovggKB5OELc8xJWwHhKGA710VLnb3Y+nkxUirztaCInc5LW89XoC/WuYFQdTOBj0VA==]}
{"logTime": "0116/150029", "correlationVector":"SAeqOfi81J5A2MmZFDubX4.2","action":"EncryptionKeysManager::SetEncryptionKeysWithTimestamps:", "result":"Success", "context":Key timestamps[10]:[2020-10-18T16:27:12Z][2021-04-19T17:21:51Z][2021-10-23T09:33:23Z][2022-04-22T17:24:43Z][2022-11-13T16:14:41Z][2023-07-03T15:37:06Z][2024-01-13T17:15:44Z][2024-07-14T17:33:46Z][2025-01-13T13:51:32Z][2025-08-16T20:08:34Z]}
{"logTime": "0116/150029", "correlationVector":"BbpgTVvaD+bHm/c2W8xymZ","action":"Initial GetUpdates", "result":"", "context":Reason: NEW_CLIENT. cV=BbpgTVvaD+bHm/c2W8xymZ}
{"logTime": "0116/150029", "correlationVector":"BbpgTVvaD+bHm/c2W8xymZ.3","action":"GetUpdates Response", "result":"Success", "context":Received 1 update(s). cV=BbpgTVvaD+bHm/c2W8xymZ.0;server=akswtt11100000f;cloudType=Consumer;environment=Prod_westeurope_prod-s01-080-eur-westeurope;migrationStage=NotStarted}
{"logTime": "0116/150029", "correlationVector":"ob4BiuqSnvseveTYVxRM08","action":"Initial GetUpdates", "result":"", "context":Reason: NEWLY_SUPPORTED_DATATYPE. cV=ob4BiuqSnvseveTYVxRM08}
{"logTime": "0116/150029", "correlationVector":"ob4BiuqSnvseveTYVxRM08.1","action":"SyncServerConnectionManagerRequest", "result":"SYNC_SERVER_OK", "context":{"environment":"Prod_westeurope_prod-s01-080-eur-westeurope", "migrationStage":"NotStarted", "server":"akswtt11100000n"}}
{"logTime": "0116/150029", "correlationVector":"ob4BiuqSnvseveTYVxRM08.2","action":"ProcessGetUpdates", "result":"Done", "context":{"dataType":"Passwords", "deleted":"0", "process_failed_to_decrypt":"0", "process_pending_decryption":"0", "process_success":"21", "total":"21"}}
{"logTime": "0116/150029", "correlationVector":"ob4BiuqSnvseveTYVxRM08.3","action":"GetUpdates Response", "result":"Success", "context":Received 21 update(s). cV=ob4BiuqSnvseveTYVxRM08.0;server=akswtt11100000n;cloudType=Consumer;environment=Prod_westeurope_prod-s01-080-eur-westeurope;migrationStage=NotStarted}
{"logTime": "0116/150029", "correlationVector":"r5nRrwkGsMqyfxfFhtk3Xn","action":"Normal GetUpdate request", "result":"", "context":cV=r5nRrwkGsMqyfxfFhtk3Xn
Nudged types: Preferences, Sessions
Refresh requested types: Bookmarks, Preferences, Passwords, Autofill Profiles, Autofill, Extensions, Sessions, Extension settings, History Delete Directives, Device Info, User Consents, Send Tab To Self, Web Apps, History, Saved Tab Group, WebAuthn Credentials, Collection, Edge E Drop, Edge Hub App Usage, Edge Wallet, Encryption Keys}
{"logTime": "0116/150029", "correlationVector":"r5nRrwkGsMqyfxfFhtk3Xn.1","action":"SyncServerConnectionManagerRequest", "result":"SYNC_SERVER_OK", "context":{"environment":"Prod_westeurope_prod-s01-080-eur-westeurope", "migrationStage":"NotStarted", "server":"akswtt11100000o"}}
{"logTime": "0116/150029", "correlationVector":"r5nRrwkGsMqyfxfFhtk3Xn.2","action":"ProcessGetUpdates", "result":"Done", "context":{"dataType":"Preferences", "deleted":"0", "process_failed_to_decrypt":"0", "process_pending_decryption":"0", "process_success":"4", "total":"4"}}
{"logTime": "0116/150029", "correlationVector":"r5nRrwkGsMqyfxfFhtk3Xn.3","action":"ProcessGetUpdates", "result":"Done", "context":{"dataType":"Sessions", "deleted":"1", "process_failed_to_decrypt":"0", "process_pending_decryption":"0", "process_success":"3", "total":"3"}}
{"logTime": "0116/150029", "correlationVector":"r5nRrwkGsMqyfxfFhtk3Xn.4","action":"ProcessGetUpdates", "result":"Done", "context":{"dataType":"History", "deleted":"0", "process_failed_to_decrypt":"0", "process_pending_decryption":"0", "process_success":"2", "total":"2"}}
{"logTime": "0116/150029", "correlationVector":"r5nRrwkGsMqyfxfFhtk3Xn.5","action":"ProcessGetUpdates", "result":"Done", "context":{"dataType":"Edge Hub App Usage", "deleted":"0", "process_failed_to_decrypt":"0", "process_pending_decryption":"0", "process_success":"3", "total":"3"}}
{"logTime": "0116/150029", "correlationVector":"r5nRrwkGsMqyfxfFhtk3Xn.6","action":"GetUpdates Response", "result":"Success", "context":Received 12 update(s). cV=r5nRrwkGsMqyfxfFhtk3Xn.0;server=akswtt11100000o;cloudType=Consumer;environment=Prod_westeurope_prod-s01-080-eur-westeurope;migrationStage=NotStarted}
{"logTime": "0116/150029", "correlationVector":"3SpYr1uW2eSeZ8JhtLDR7/","action":"Commit Request", "result":"", "context":Item count: 4
Contributing types: Preferences, Sessions}
{"logTime": "0116/150030", "correlationVector":"3SpYr1uW2eSeZ8JhtLDR7/.1","action":"SyncServerConnectionManagerRequest", "result":"SYNC_SERVER_OK", "context":{"environment":"Prod_westeurope_prod-s01-080-eur-westeurope", "migrationStage":"NotStarted", "server":"akswtt11100000l"}}
{"logTime": "0116/150030", "correlationVector":"3SpYr1uW2eSeZ8JhtLDR7/.3","action":"Commit.Sessions", "result":"Success", "context":{"id":"2b7283d1-9921-4735-aa53-96f61b7e2977", "isDeleted":"true", "size":"0", "version":"1768575584719"}}
{"logTime": "0116/150030", "correlationVector":"3SpYr1uW2eSeZ8JhtLDR7/.2","action":"Commit Response", "result":"Success", "context":Result: Success. cV=3SpYr1uW2eSeZ8JhtLDR7/.0;server=akswtt11100000l;cloudType=Consumer;environment=Prod_westeurope_prod-s01-080-eur-westeurope;migrationStage=NotStarted}
{"logTime": "0116/150032", "correlationVector":"GPsWsbgtWOkRPfQvXAogEv","action":"Commit Request", "result":"", "context":Item count: 20
Contributing types: Preferences, Passwords}
{"logTime": "0116/150032", "correlationVector":"GPsWsbgtWOkRPfQvXAogEv.1","action":"SyncServerConnectionManagerRequest", "result":"SYNC_SERVER_OK", "context":{"environment":"Prod_westeurope_prod-s01-080-eur-westeurope", "migrationStage":"NotStarted", "server":"akswtt11100000g"}}
{"logTime": "0116/150032", "correlationVector":"GPsWsbgtWOkRPfQvXAogEv.2","action":"Commit Response", "result":"Success", "context":Result: Success. cV=GPsWsbgtWOkRPfQvXAogEv.0;server=akswtt11100000g;cloudType=Consumer;environment=Prod_westeurope_prod-s01-080-eur-westeurope;migrationStage=NotStarted}
{"logTime": "0116/150533", "correlationVector":"2enI/nmEGFi63/RIYou6pM.1","action":"SyncServerConnectionManagerRequest", "result":"SYNC_SERVER_OK", "context":{"environment":"Prod_westeurope_prod-s01-080-eur-westeurope", "migrationStage":"NotStarted", "server":"akswtt111000005"}}
{"logTime": "0116/150533", "correlationVector":"2enI/nmEGFi63/RIYou6pM.2","action":"ProcessGetUpdates", "result":"Done", "context":{"dataType":"Encryption Keys", "deleted":"0", "process_failed_to_decrypt":"0", "process_pending_decryption":"0", "process_success":"1", "total":"1"}}
{"logTime": "0116/150535", "correlationVector":"LLZCqQnT53m1hddr4bSMsg","action":"SyncServerConnectionManagerRequest", "result":"SYNC_SERVER_OK", "context":{"environment":"", "migrationStage":"", "server":""}}
{"logTime": "0116/150535", "correlationVector":"LLZCqQnT53m1hddr4bSMsg.0","action":"EncryptionKeysFetcher.DownloadKeys:", "result":"Success", "context":Key count: 10, Last key timestamp: 2025-08-16T20:08:34Z}
{"logTime": "0116/150535", "correlationVector":"LLZCqQnT53m1hddr4bSMsg.1","action":"EncryptionKeysManager::SetEncryptionKeys:", "result":"Success", "context":Key names[10]:[E5FW0lgGFbdkPtfpupNA8D8hrUgGz8vK/SQAfVk3zxPlV+t2OMPrnCtql+Euc8ZVeU+5QGVIErnzibILIxkZUg==][MY3BvTX0f+YLMLPIXzj3tsnIiFcn/r/gihnDFExtY3BX8bSDWp3eSURLdxpDUAITXFJvzeWhcHCXGHVfFPKTnw==][zklBf02RZtZY/pYpD/Ib2bsFlM/SDS6dDs2mjebAUV5dtJkDZ59/0hhqsy0x4YbZO9+I55YoLXX292eq6D5O8Q==][S8FhcamYZUFFjQDVreDWQ04XY6vDp3qlZlyPbggVkLkpcBb9IwB1qw0JJ+I/zT/reiFspDjc59cr0U5mks22sg==][h1AhVTZ5vVeMLkmxefntrCjF2y/toI54Qs8kh+48g7vCtG7ZJ/ALc39wASXpI3EknMpDoTRlZGCDrfrq2V1IFw==][E2eFc19ejaFYRNgrtFAcHfqVHlIHtTFlfGAU1u2sdfM9LN/aOWn5l2GHPkarDMiWQNg95WRUoQ2CMBREEsnM9A==][xIZc6bBAlVcQdDcr5FLd9IDeueFX2ww+U7zGb+0Jy5BG5rP02xBf4FHzerbxhNcQgjMxn6Vo0DkpfSAg0DPgFw==][IndMo1ub+/6KhDM7AmKfRDuWlBI07M6BRbMUWjtRTKNS5UxzWtAt8xWDcJr3s77sZ9nH2p/x3MlyEetR8nKEBw==][yCq4dpJbYhR08TAideVNsaQebtZuBGudzC7jhiCfaJzyP6QD5D9u5UJY/7i5gceGBt1TrZyLpNO+mBFEVdZ5Yw==][lGKFfQo6En6tsIiJF/dXovggKB5OELc8xJWwHhKGA710VLnb3Y+nkxUirztaCInc5LW89XoC/WuYFQdTOBj0VA==]}
{"logTime": "0116/150535", "correlationVector":"LLZCqQnT53m1hddr4bSMsg.2","action":"EncryptionKeysManager::SetEncryptionKeysWithTimestamps:", "result":"Success", "context":Key timestamps[10]:[2020-10-18T16:27:12Z][2021-04-19T17:21:51Z][2021-10-23T09:33:23Z][2022-04-22T17:24:43Z][2022-11-13T16:14:41Z][2023-07-03T15:37:06Z][2024-01-13T17:15:44Z][2024-07-14T17:33:46Z][2025-01-13T13:51:32Z][2025-08-16T20:08:34Z]}
{"logTime": "0116/150535", "correlationVector":"2enI/nmEGFi63/RIYou6pM","action":"Initial GetUpdates", "result":"", "context":Reason: NEW_CLIENT. cV=2enI/nmEGFi63/RIYou6pM}
{"logTime": "0116/150535", "correlationVector":"2enI/nmEGFi63/RIYou6pM.3","action":"GetUpdates Response", "result":"Success", "context":Received 1 update(s). cV=2enI/nmEGFi63/RIYou6pM.0;server=akswtt111000005;cloudType=Consumer;environment=Prod_westeurope_prod-s01-080-eur-westeurope;migrationStage=NotStarted}
{"logTime": "0116/150535", "correlationVector":"IZFAxkjnAM2Fs8jAoJs5RX","action":"Initial GetUpdates", "result":"", "context":Reason: NEWLY_SUPPORTED_DATATYPE. cV=IZFAxkjnAM2Fs8jAoJs5RX}
{"logTime": "0116/150535", "correlationVector":"IZFAxkjnAM2Fs8jAoJs5RX.1","action":"SyncServerConnectionManagerRequest", "result":"SYNC_SERVER_OK", "context":{"environment":"Prod_westeurope_prod-s01-080-eur-westeurope", "migrationStage":"NotStarted", "server":"akswtt11100000a"}}
{"logTime": "0116/150535", "correlationVector":"IZFAxkjnAM2Fs8jAoJs5RX.2","action":"ProcessGetUpdates", "result":"Done", "context":{"dataType":"Passwords", "deleted":"0", "process_failed_to_decrypt":"0", "process_pending_decryption":"0", "process_success":"21", "total":"21"}}
{"logTime": "0116/150535", "correlationVector":"IZFAxkjnAM2Fs8jAoJs5RX.3","action":"GetUpdates Response", "result":"Success", "context":Received 21 update(s). cV=IZFAxkjnAM2Fs8jAoJs5RX.0;server=akswtt11100000a;cloudType=Consumer;environment=Prod_westeurope_prod-s01-080-eur-westeurope;migrationStage=NotStarted}
{"logTime": "0116/150535", "correlationVector":"P5UObHV20wRDW8Ds9ljK1l","action":"Normal GetUpdate request", "result":"", "context":cV=P5UObHV20wRDW8Ds9ljK1l
Nudged types: Preferences, Sessions, History
Refresh requested types: Bookmarks, Preferences, Passwords, Autofill Profiles, Autofill, Extensions, Sessions, Extension settings, History Delete Directives, Device Info, User Consents, Send Tab To Self, Web Apps, History, Saved Tab Group, WebAuthn Credentials, Collection, Edge E Drop, Edge Hub App Usage, Edge Wallet, Encryption Keys}
{"logTime": "0116/150535", "correlationVector":"P5UObHV20wRDW8Ds9ljK1l.1","action":"SyncServerConnectionManagerRequest", "result":"SYNC_SERVER_OK", "context":{"environment":"Prod_westeurope_prod-s01-080-eur-westeurope", "migrationStage":"NotStarted", "server":"akswtt111000001"}}
{"logTime": "0116/150535", "correlationVector":"P5UObHV20wRDW8Ds9ljK1l.2","action":"ProcessGetUpdates", "result":"Done", "context":{"dataType":"Preferences", "deleted":"0", "process_failed_to_decrypt":"0", "process_pending_decryption":"0", "process_success":"1", "total":"1"}}
{"logTime": "0116/150535", "correlationVector":"P5UObHV20wRDW8Ds9ljK1l.3","action":"ProcessGetUpdates", "result":"Done", "context":{"dataType":"Sessions", "deleted":"1", "process_failed_to_decrypt":"0", "process_pending_decryption":"0", "process_success":"3", "total":"3"}}
{"logTime": "0116/150535", "correlationVector":"P5UObHV20wRDW8Ds9ljK1l.4","action":"GetUpdates Response", "result":"Success", "context":Received 4 update(s). cV=P5UObHV20wRDW8Ds9ljK1l.0;server=akswtt111000001;cloudType=Consumer;environment=Prod_westeurope_prod-s01-080-eur-westeurope;migrationStage=NotStarted}
{"logTime": "0116/150535", "correlationVector":"lvXMUL5bdu71ReCOIC5VGi","action":"Commit Request", "result":"", "context":Item count: 6
Contributing types: Preferences, Sessions, History}
{"logTime": "0116/150535", "correlationVector":"lvXMUL5bdu71ReCOIC5VGi.1","action":"SyncServerConnectionManagerRequest", "result":"SYNC_SERVER_OK", "context":{"environment":"Prod_westeurope_prod-s01-080-eur-westeurope", "migrationStage":"NotStarted", "server":"akswtt111000001"}}
{"logTime": "0116/150535", "correlationVector":"lvXMUL5bdu71ReCOIC5VGi.2","action":"Commit Response", "result":"Success", "context":Result: Success. cV=lvXMUL5bdu71ReCOIC5VGi.0;server=akswtt111000001;cloudType=Consumer;environment=Prod_westeurope_prod-s01-080-eur-westeurope;migrationStage=NotStarted}
{"logTime": "0116/150537", "correlationVector":"Lz5zHLyn4Qtfhns8sv54re","action":"Commit Request", "result":"", "context":Item count: 20
Contributing types: Preferences, Passwords}
{"logTime": "0116/150538", "correlationVector":"Lz5zHLyn4Qtfhns8sv54re.1","action":"SyncServerConnectionManagerRequest", "result":"SYNC_SERVER_OK", "context":{"environment":"Prod_westeurope_prod-s01-080-eur-westeurope", "migrationStage":"NotStarted", "server":"akswtt111000009"}}
{"logTime": "0116/150538", "correlationVector":"Lz5zHLyn4Qtfhns8sv54re.2","action":"Commit Response", "result":"Success", "context":Result: Success. cV=Lz5zHLyn4Qtfhns8sv54re.0;server=akswtt111000009;cloudType=Consumer;environment=Prod_westeurope_prod-s01-080-eur-westeurope;migrationStage=NotStarted}
{"logTime": "0116/150625", "correlationVector":"cow1EkurRTBsOc7PobO+oW.1","action":"SyncServerConnectionManagerRequest", "result":"SYNC_SERVER_OK", "context":{"environment":"Prod_westeurope_prod-s01-080-eur-westeurope", "migrationStage":"NotStarted", "server":"akswtt11100000l"}}
{"logTime": "0116/150625", "correlationVector":"cow1EkurRTBsOc7PobO+oW.2","action":"ProcessGetUpdates", "result":"Done", "context":{"dataType":"Encryption Keys", "deleted":"0", "process_failed_to_decrypt":"0", "process_pending_decryption":"0", "process_success":"1", "total":"1"}}
{"logTime": "0116/150626", "correlationVector":"+5DMBNFhRRB83qGwdvvN2H","action":"SyncServerConnectionManagerRequest", "result":"SYNC_SERVER_OK", "context":{"environment":"", "migrationStage":"", "server":""}}
{"logTime": "0116/150626", "correlationVector":"+5DMBNFhRRB83qGwdvvN2H.0","action":"EncryptionKeysFetcher.DownloadKeys:", "result":"Success", "context":Key count: 10, Last key timestamp: 2025-08-16T20:08:34Z}
{"logTime": "0116/150626", "correlationVector":"+5DMBNFhRRB83qGwdvvN2H.1","action":"EncryptionKeysManager::SetEncryptionKeys:", "result":"Success", "context":Key names[10]:[E5FW0lgGFbdkPtfpupNA8D8hrUgGz8vK/SQAfVk3zxPlV+t2OMPrnCtql+Euc8ZVeU+5QGVIErnzibILIxkZUg==][MY3BvTX0f+YLMLPIXzj3tsnIiFcn/r/gihnDFExtY3BX8bSDWp3eSURLdxpDUAITXFJvzeWhcHCXGHVfFPKTnw==][zklBf02RZtZY/pYpD/Ib2bsFlM/SDS6dDs2mjebAUV5dtJkDZ59/0hhqsy0x4YbZO9+I55YoLXX292eq6D5O8Q==][S8FhcamYZUFFjQDVreDWQ04XY6vDp3qlZlyPbggVkLkpcBb9IwB1qw0JJ+I/zT/reiFspDjc59cr0U5mks22sg==][h1AhVTZ5vVeMLkmxefntrCjF2y/toI54Qs8kh+48g7vCtG7ZJ/ALc39wASXpI3EknMpDoTRlZGCDrfrq2V1IFw==][E2eFc19ejaFYRNgrtFAcHfqVHlIHtTFlfGAU1u2sdfM9LN/aOWn5l2GHPkarDMiWQNg95WRUoQ2CMBREEsnM9A==][xIZc6bBAlVcQdDcr5FLd9IDeueFX2ww+U7zGb+0Jy5BG5rP02xBf4FHzerbxhNcQgjMxn6Vo0DkpfSAg0DPgFw==][IndMo1ub+/6KhDM7AmKfRDuWlBI07M6BRbMUWjtRTKNS5UxzWtAt8xWDcJr3s77sZ9nH2p/x3MlyEetR8nKEBw==][yCq4dpJbYhR08TAideVNsaQebtZuBGudzC7jhiCfaJzyP6QD5D9u5UJY/7i5gceGBt1TrZyLpNO+mBFEVdZ5Yw==][lGKFfQo6En6tsIiJF/dXovggKB5OELc8xJWwHhKGA710VLnb3Y+nkxUirztaCInc5LW89XoC/WuYFQdTOBj0VA==]}
{"logTime": "0116/150626", "correlationVector":"+5DMBNFhRRB83qGwdvvN2H.2","action":"EncryptionKeysManager::SetEncryptionKeysWithTimestamps:", "result":"Success", "context":Key timestamps[10]:[2020-10-18T16:27:12Z][2021-04-19T17:21:51Z][2021-10-23T09:33:23Z][2022-04-22T17:24:43Z][2022-11-13T16:14:41Z][2023-07-03T15:37:06Z][2024-01-13T17:15:44Z][2024-07-14T17:33:46Z][2025-01-13T13:51:32Z][2025-08-16T20:08:34Z]}
{"logTime": "0116/150626", "correlationVector":"cow1EkurRTBsOc7PobO+oW","action":"Initial GetUpdates", "result":"", "context":Reason: NEW_CLIENT. cV=cow1EkurRTBsOc7PobO+oW}
{"logTime": "0116/150626", "correlationVector":"cow1EkurRTBsOc7PobO+oW.3","action":"GetUpdates Response", "result":"Success", "context":Received 1 update(s). cV=cow1EkurRTBsOc7PobO+oW.0;server=akswtt11100000l;cloudType=Consumer;environment=Prod_westeurope_prod-s01-080-eur-westeurope;migrationStage=NotStarted}
{"logTime": "0116/150626", "correlationVector":"FUPvWN/tEDyUQPDt5QzXy1","action":"Initial GetUpdates", "result":"", "context":Reason: NEWLY_SUPPORTED_DATATYPE. cV=FUPvWN/tEDyUQPDt5QzXy1}
{"logTime": "0116/150626", "correlationVector":"FUPvWN/tEDyUQPDt5QzXy1.1","action":"SyncServerConnectionManagerRequest", "result":"SYNC_SERVER_OK", "context":{"environment":"Prod_westeurope_prod-s01-080-eur-westeurope", "migrationStage":"NotStarted", "server":"akswtt11100000p"}}
{"logTime": "0116/150626", "correlationVector":"FUPvWN/tEDyUQPDt5QzXy1.2","action":"ProcessGetUpdates", "result":"Done", "context":{"dataType":"Passwords", "deleted":"0", "process_failed_to_decrypt":"0", "process_pending_decryption":"0", "process_success":"21", "total":"21"}}
{"logTime": "0116/150626", "correlationVector":"FUPvWN/tEDyUQPDt5QzXy1.3","action":"GetUpdates Response", "result":"Success", "context":Received 21 update(s). cV=FUPvWN/tEDyUQPDt5QzXy1.0;server=akswtt11100000p;cloudType=Consumer;environment=Prod_westeurope_prod-s01-080-eur-westeurope;migrationStage=NotStarted}
{"logTime": "0116/150626", "correlationVector":"XZzbAUMp6wZ01/iG+N7LES","action":"Normal GetUpdate request", "result":"", "context":cV=XZzbAUMp6wZ01/iG+N7LES
Nudged types: Preferences, Sessions
Refresh requested types: Bookmarks, Preferences, Passwords, Autofill Profiles, Autofill, Extensions, Sessions, Extension settings, History Delete Directives, Device Info, User Consents, Send Tab To Self, Web Apps, History, Saved Tab Group, WebAuthn Credentials, Collection, Edge E Drop, Edge Hub App Usage, Edge Wallet, Encryption Keys}
{"logTime": "0116/150626", "correlationVector":"XZzbAUMp6wZ01/iG+N7LES.1","action":"SyncServerConnectionManagerRequest", "result":"SYNC_SERVER_OK", "context":{"environment":"Prod_westeurope_prod-s01-080-eur-westeurope", "migrationStage":"NotStarted", "server":"akswtt11100000i"}}
{"logTime": "0116/150626", "correlationVector":"XZzbAUMp6wZ01/iG+N7LES.2","action":"ProcessGetUpdates", "result":"Done", "context":{"dataType":"Preferences", "deleted":"0", "process_failed_to_decrypt":"0", "process_pending_decryption":"0", "process_success":"1", "total":"1"}}
{"logTime": "0116/150626", "correlationVector":"XZzbAUMp6wZ01/iG+N7LES.3","action":"ProcessGetUpdates", "result":"Done", "context":{"dataType":"Sessions", "deleted":"0", "process_failed_to_decrypt":"0", "process_pending_decryption":"0", "process_success":"3", "total":"3"}}
{"logTime": "0116/150626", "correlationVector":"XZzbAUMp6wZ01/iG+N7LES.4","action":"ProcessGetUpdates", "result":"Done", "context":{"dataType":"History", "deleted":"0", "process_failed_to_decrypt":"0", "process_pending_decryption":"0", "process_success":"2", "total":"2"}}
{"logTime": "0116/150626", "correlationVector":"XZzbAUMp6wZ01/iG+N7LES.5","action":"GetUpdates Response", "result":"Success", "context":Received 6 update(s). cV=XZzbAUMp6wZ01/iG+N7LES.0;server=akswtt11100000i;cloudType=Consumer;environment=Prod_westeurope_prod-s01-080-eur-westeurope;migrationStage=NotStarted}
{"logTime": "0116/150626", "correlationVector":"K9Wtc4hMcrnoH5fLibJMUH","action":"Commit Request", "result":"", "context":Item count: 4
Contributing types: Preferences, Sessions}
{"logTime": "0116/150627", "correlationVector":"K9Wtc4hMcrnoH5fLibJMUH.1","action":"SyncServerConnectionManagerRequest", "result":"SYNC_SERVER_OK", "context":{"environment":"Prod_westeurope_prod-s01-080-eur-westeurope", "migrationStage":"NotStarted", "server":"akswtt11100000o"}}
{"logTime": "0116/150627", "correlationVector":"K9Wtc4hMcrnoH5fLibJMUH.2","action":"Commit Response", "result":"Success", "context":Result: Success. cV=K9Wtc4hMcrnoH5fLibJMUH.0;server=akswtt11100000o;cloudType=Consumer;environment=Prod_westeurope_prod-s01-080-eur-westeurope;migrationStage=NotStarted}
{"logTime": "0116/150629", "correlationVector":"/KvYlIO+Ut3NfOReCNJt7F","action":"Commit Request", "result":"", "context":Item count: 20
Contributing types: Preferences, Passwords}
{"logTime": "0116/150629", "correlationVector":"/KvYlIO+Ut3NfOReCNJt7F.1","action":"SyncServerConnectionManagerRequest", "result":"SYNC_SERVER_OK", "context":{"environment":"Prod_westeurope_prod-s01-080-eur-westeurope", "migrationStage":"NotStarted", "server":"akswtt11100000i"}}
{"logTime": "0116/150629", "correlationVector":"/KvYlIO+Ut3NfOReCNJt7F.2","action":"Commit Response", "result":"Success", "context":Result: Success. cV=/KvYlIO+Ut3NfOReCNJt7F.0;server=akswtt11100000i;cloudType=Consumer;environment=Prod_westeurope_prod-s01-080-eur-westeurope;migrationStage=NotStarted}
{"logTime": "0116/150956", "correlationVector":"kh3S4izj6dMKs5UFJEgyl/.1","action":"SyncServerConnectionManagerRequest", "result":"SYNC_SERVER_OK", "context":{"environment":"Prod_westeurope_prod-s01-080-eur-westeurope", "migrationStage":"NotStarted", "server":"akswtt11100000n"}}
{"logTime": "0116/150956", "correlationVector":"kh3S4izj6dMKs5UFJEgyl/.2","action":"ProcessGetUpdates", "result":"Done", "context":{"dataType":"Encryption Keys", "deleted":"0", "process_failed_to_decrypt":"0", "process_pending_decryption":"0", "process_success":"1", "total":"1"}}
{"logTime": "0116/150957", "correlationVector":"CeNWjyRrnESp+3GDpiYEXH","action":"SyncServerConnectionManagerRequest", "result":"SYNC_SERVER_OK", "context":{"environment":"", "migrationStage":"", "server":""}}
{"logTime": "0116/150957", "correlationVector":"CeNWjyRrnESp+3GDpiYEXH.0","action":"EncryptionKeysFetcher.DownloadKeys:", "result":"Success", "context":Key count: 10, Last key timestamp: 2025-08-16T20:08:34Z}
{"logTime": "0116/150957", "correlationVector":"CeNWjyRrnESp+3GDpiYEXH.1","action":"EncryptionKeysManager::SetEncryptionKeys:", "result":"Success", "context":Key names[10]:[E5FW0lgGFbdkPtfpupNA8D8hrUgGz8vK/SQAfVk3zxPlV+t2OMPrnCtql+Euc8ZVeU+5QGVIErnzibILIxkZUg==][MY3BvTX0f+YLMLPIXzj3tsnIiFcn/r/gihnDFExtY3BX8bSDWp3eSURLdxpDUAITXFJvzeWhcHCXGHVfFPKTnw==][zklBf02RZtZY/pYpD/Ib2bsFlM/SDS6dDs2mjebAUV5dtJkDZ59/0hhqsy0x4YbZO9+I55YoLXX292eq6D5O8Q==][S8FhcamYZUFFjQDVreDWQ04XY6vDp3qlZlyPbggVkLkpcBb9IwB1qw0JJ+I/zT/reiFspDjc59cr0U5mks22sg==][h1AhVTZ5vVeMLkmxefntrCjF2y/toI54Qs8kh+48g7vCtG7ZJ/ALc39wASXpI3EknMpDoTRlZGCDrfrq2V1IFw==][E2eFc19ejaFYRNgrtFAcHfqVHlIHtTFlfGAU1u2sdfM9LN/aOWn5l2GHPkarDMiWQNg95WRUoQ2CMBREEsnM9A==][xIZc6bBAlVcQdDcr5FLd9IDeueFX2ww+U7zGb+0Jy5BG5rP02xBf4FHzerbxhNcQgjMxn6Vo0DkpfSAg0DPgFw==][IndMo1ub+/6KhDM7AmKfRDuWlBI07M6BRbMUWjtRTKNS5UxzWtAt8xWDcJr3s77sZ9nH2p/x3MlyEetR8nKEBw==][yCq4dpJbYhR08TAideVNsaQebtZuBGudzC7jhiCfaJzyP6QD5D9u5UJY/7i5gceGBt1TrZyLpNO+mBFEVdZ5Yw==][lGKFfQo6En6tsIiJF/dXovggKB5OELc8xJWwHhKGA710VLnb3Y+nkxUirztaCInc5LW89XoC/WuYFQdTOBj0VA==]}
{"logTime": "0116/150957", "correlationVector":"CeNWjyRrnESp+3GDpiYEXH.2","action":"EncryptionKeysManager::SetEncryptionKeysWithTimestamps:", "result":"Success", "context":Key timestamps[10]:[2020-10-18T16:27:12Z][2021-04-19T17:21:51Z][2021-10-23T09:33:23Z][2022-04-22T17:24:43Z][2022-11-13T16:14:41Z][2023-07-03T15:37:06Z][2024-01-13T17:15:44Z][2024-07-14T17:33:46Z][2025-01-13T13:51:32Z][2025-08-16T20:08:34Z]}
{"logTime": "0116/150957", "correlationVector":"kh3S4izj6dMKs5UFJEgyl/","action":"Initial GetUpdates", "result":"", "context":Reason: NEW_CLIENT. cV=kh3S4izj6dMKs5UFJEgyl/}
{"logTime": "0116/150957", "correlationVector":"kh3S4izj6dMKs5UFJEgyl/.3","action":"GetUpdates Response", "result":"Success", "context":Received 1 update(s). cV=kh3S4izj6dMKs5UFJEgyl/.0;server=akswtt11100000n;cloudType=Consumer;environment=Prod_westeurope_prod-s01-080-eur-westeurope;migrationStage=NotStarted}
{"logTime": "0116/150957", "correlationVector":"R4C3Ud7zbgfv/bzVk02s5c","action":"Initial GetUpdates", "result":"", "context":Reason: NEWLY_SUPPORTED_DATATYPE. cV=R4C3Ud7zbgfv/bzVk02s5c}
{"logTime": "0116/150957", "correlationVector":"R4C3Ud7zbgfv/bzVk02s5c.1","action":"SyncServerConnectionManagerRequest", "result":"SYNC_SERVER_OK", "context":{"environment":"Prod_westeurope_prod-s01-080-eur-westeurope", "migrationStage":"NotStarted", "server":"akswtt11100000o"}}
{"logTime": "0116/150957", "correlationVector":"R4C3Ud7zbgfv/bzVk02s5c.2","action":"ProcessGetUpdates", "result":"Done", "context":{"dataType":"Passwords", "deleted":"0", "process_failed_to_decrypt":"0", "process_pending_decryption":"0", "process_success":"21", "total":"21"}}
{"logTime": "0116/150957", "correlationVector":"R4C3Ud7zbgfv/bzVk02s5c.3","action":"GetUpdates Response", "result":"Success", "context":Received 21 update(s). cV=R4C3Ud7zbgfv/bzVk02s5c.0;server=akswtt11100000o;cloudType=Consumer;environment=Prod_westeurope_prod-s01-080-eur-westeurope;migrationStage=NotStarted}
{"logTime": "0116/150957", "correlationVector":"IwKFrkXIx31I3Ac7KpX3At","action":"Normal GetUpdate request", "result":"", "context":cV=IwKFrkXIx31I3Ac7KpX3At
Nudged types: Preferences, Sessions, History
Refresh requested types: Bookmarks, Preferences, Passwords, Autofill Profiles, Autofill, Extensions, Sessions, Extension settings, History Delete Directives, Device Info, User Consents, Send Tab To Self, Web Apps, History, Saved Tab Group, WebAuthn Credentials, Collection, Edge E Drop, Edge Hub App Usage, Edge Wallet, Encryption Keys}
{"logTime": "0116/150957", "correlationVector":"IwKFrkXIx31I3Ac7KpX3At.1","action":"SyncServerConnectionManagerRequest", "result":"SYNC_SERVER_OK", "context":{"environment":"Prod_westeurope_prod-s01-080-eur-westeurope", "migrationStage":"NotStarted", "server":"akswtt11100000b"}}
{"logTime": "0116/150957", "correlationVector":"IwKFrkXIx31I3Ac7KpX3At.2","action":"ProcessGetUpdates", "result":"Done", "context":{"dataType":"Preferences", "deleted":"0", "process_failed_to_decrypt":"0", "process_pending_decryption":"0", "process_success":"1", "total":"1"}}
{"logTime": "0116/150957", "correlationVector":"IwKFrkXIx31I3Ac7KpX3At.3","action":"ProcessGetUpdates", "result":"Done", "context":{"dataType":"Sessions", "deleted":"0", "process_failed_to_decrypt":"0", "process_pending_decryption":"0", "process_success":"3", "total":"3"}}
{"logTime": "0116/150957", "correlationVector":"IwKFrkXIx31I3Ac7KpX3At.4","action":"GetUpdates Response", "result":"Success", "context":Received 4 update(s). cV=IwKFrkXIx31I3Ac7KpX3At.0;server=akswtt11100000b;cloudType=Consumer;environment=Prod_westeurope_prod-s01-080-eur-westeurope;migrationStage=NotStarted}
{"logTime": "0116/150957", "correlationVector":"vUqKdGr5I4QT348wEnQu22","action":"Commit Request", "result":"", "context":Item count: 5
Contributing types: Preferences, Sessions, History}
{"logTime": "0116/150957", "correlationVector":"vUqKdGr5I4QT348wEnQu22.1","action":"SyncServerConnectionManagerRequest", "result":"SYNC_SERVER_OK", "context":{"environment":"Prod_westeurope_prod-s01-080-eur-westeurope", "migrationStage":"NotStarted", "server":"akswtt11100000k"}}
{"logTime": "0116/150957", "correlationVector":"vUqKdGr5I4QT348wEnQu22.2","action":"Commit Response", "result":"Success", "context":Result: Success. cV=vUqKdGr5I4QT348wEnQu22.0;server=akswtt11100000k;cloudType=Consumer;environment=Prod_westeurope_prod-s01-080-eur-westeurope;migrationStage=NotStarted}
{"logTime": "0116/150959", "correlationVector":"IMBOqd4Vp9cGbm4XvqWcMN","action":"Commit Request", "result":"", "context":Item count: 20
Contributing types: Preferences, Passwords}
{"logTime": "0116/151000", "correlationVector":"IMBOqd4Vp9cGbm4XvqWcMN.1","action":"SyncServerConnectionManagerRequest", "result":"SYNC_SERVER_OK", "context":{"environment":"Prod_westeurope_prod-s01-080-eur-westeurope", "migrationStage":"NotStarted", "server":"akswtt111000005"}}
{"logTime": "0116/151000", "correlationVector":"IMBOqd4Vp9cGbm4XvqWcMN.2","action":"Commit Response", "result":"Success", "context":Result: Success. cV=IMBOqd4Vp9cGbm4XvqWcMN.0;server=akswtt111000005;cloudType=Consumer;environment=Prod_westeurope_prod-s01-080-eur-westeurope;migrationStage=NotStarted}
